This is pdfTeX, Version 3.1415926-2.5-1.40.14 (TeX Live 2013/Debian) (format=pdflatex 2019.2.15)  1 APR 2019 16:00
entering extended mode
 restricted \write18 enabled.
 %&-line parsing enabled.
**mendez.tex
(./mendez.tex
LaTeX2e <2011/06/27>
Babel <3.9h> and hyphenation patterns for 5 languages loaded.
(/usr/share/texlive/texmf-dist/tex/latex/base/article.cls
Document Class: article 2007/10/19 v1.4h Standard LaTeX document class
(/usr/share/texlive/texmf-dist/tex/latex/base/size10.clo
File: size10.clo 2007/10/19 v1.4h Standard LaTeX file (size option)
)
\c@part=\count79
\c@section=\count80
\c@subsection=\count81
\c@subsubsection=\count82
\c@paragraph=\count83
\c@subparagraph=\count84
\c@figure=\count85
\c@table=\count86
\abovecaptionskip=\skip41
\belowcaptionskip=\skip42
\bibindent=\dimen102
)
(/usr/share/texlive/texmf-dist/tex/latex/amsmath/amsmath.sty
Package: amsmath 2013/01/14 v2.14 AMS math features
\@mathmargin=\skip43

For additional information on amsmath, use the `?' option.
(/usr/share/texlive/texmf-dist/tex/latex/amsmath/amstext.sty
Package: amstext 2000/06/29 v2.01

(/usr/share/texlive/texmf-dist/tex/latex/amsmath/amsgen.sty
File: amsgen.sty 1999/11/30 v2.0
\@emptytoks=\toks14
\ex@=\dimen103
))
(/usr/share/texlive/texmf-dist/tex/latex/amsmath/amsbsy.sty
Package: amsbsy 1999/11/29 v1.2d
\pmbraise@=\dimen104
)
(/usr/share/texlive/texmf-dist/tex/latex/amsmath/amsopn.sty
Package: amsopn 1999/12/14 v2.01 operator names
)
\inf@bad=\count87
LaTeX Info: Redefining \frac on input line 210.
\uproot@=\count88
\leftroot@=\count89
LaTeX Info: Redefining \overline on input line 306.
\classnum@=\count90
\DOTSCASE@=\count91
LaTeX Info: Redefining \ldots on input line 378.
LaTeX Info: Redefining \dots on input line 381.
LaTeX Info: Redefining \cdots on input line 466.
\Mathstrutbox@=\box26
\strutbox@=\box27
\big@size=\dimen105
LaTeX Font Info:    Redeclaring font encoding OML on input line 566.
LaTeX Font Info:    Redeclaring font encoding OMS on input line 567.
\macc@depth=\count92
\c@MaxMatrixCols=\count93
\dotsspace@=\muskip10
\c@parentequation=\count94
\dspbrk@lvl=\count95
\tag@help=\toks15
\row@=\count96
\column@=\count97
\maxfields@=\count98
\andhelp@=\toks16
\eqnshift@=\dimen106
\alignsep@=\dimen107
\tagshift@=\dimen108
\tagwidth@=\dimen109
\totwidth@=\dimen110
\lineht@=\dimen111
\@envbody=\toks17
\multlinegap=\skip44
\multlinetaggap=\skip45
\mathdisplay@stack=\toks18
LaTeX Info: Redefining \[ on input line 2665.
LaTeX Info: Redefining \] on input line 2666.
)
(/usr/share/texlive/texmf-dist/tex/latex/amsfonts/amssymb.sty
Package: amssymb 2013/01/14 v3.01 AMS font symbols

(/usr/share/texlive/texmf-dist/tex/latex/amsfonts/amsfonts.sty
Package: amsfonts 2013/01/14 v3.01 Basic AMSFonts support
\symAMSa=\mathgroup4
\symAMSb=\mathgroup5
LaTeX Font Info:    Overwriting math alphabet `\mathfrak' in version `bold'
(Font)                  U/euf/m/n --> U/euf/b/n on input line 106.
))
(/usr/share/texlive/texmf-dist/tex/latex/graphics/graphicx.sty
Package: graphicx 1999/02/16 v1.0f Enhanced LaTeX Graphics (DPC,SPQR)

(/usr/share/texlive/texmf-dist/tex/latex/graphics/keyval.sty
Package: keyval 1999/03/16 v1.13 key=value parser (DPC)
\KV@toks@=\toks19
)
(/usr/share/texlive/texmf-dist/tex/latex/graphics/graphics.sty
Package: graphics 2009/02/05 v1.0o Standard LaTeX Graphics (DPC,SPQR)

(/usr/share/texlive/texmf-dist/tex/latex/graphics/trig.sty
Package: trig 1999/03/16 v1.09 sin cos tan (DPC)
)
(/usr/share/texlive/texmf-dist/tex/latex/latexconfig/graphics.cfg
File: graphics.cfg 2010/04/23 v1.9 graphics configuration of TeX Live
)
Package graphics Info: Driver file: pdftex.def on input line 91.

(/usr/share/texlive/texmf-dist/tex/latex/pdftex-def/pdftex.def
File: pdftex.def 2011/05/27 v0.06d Graphics/color for pdfTeX

(/usr/share/texlive/texmf-dist/tex/generic/oberdiek/infwarerr.sty
Package: infwarerr 2010/04/08 v1.3 Providing info/warning/error messages (HO)
)
(/usr/share/texlive/texmf-dist/tex/generic/oberdiek/ltxcmds.sty
Package: ltxcmds 2011/11/09 v1.22 LaTeX kernel commands for general use (HO)
)
\Gread@gobject=\count99
))
\Gin@req@height=\dimen112
\Gin@req@width=\dimen113
)
(/usr/share/texlive/texmf-dist/tex/latex/preprint/authblk.sty
Package: authblk 2001/02/27 1.3 (PWD)
\affilsep=\skip46
\@affilsep=\skip47
\c@Maxaffil=\count100
\c@authors=\count101
\c@affil=\count102
)
(/usr/share/texlive/texmf-dist/tex/latex/float/float.sty
Package: float 2001/11/08 v1.3d Float enhancements (AL)
\c@float@type=\count103
\float@exts=\toks20
\float@box=\box28
\@float@everytoks=\toks21
\@floatcapt=\box29
)
(/usr/share/texmf/tex/latex/xcolor/xcolor.sty
Package: xcolor 2007/01/21 v2.11 LaTeX color extensions (UK)

(/usr/share/texlive/texmf-dist/tex/latex/latexconfig/color.cfg
File: color.cfg 2007/01/18 v1.5 color configuration of teTeX/TeXLive
)
Package xcolor Info: Driver file: pdftex.def on input line 225.
Package xcolor Info: Model `cmy' substituted by `cmy0' on input line 1337.
Package xcolor Info: Model `hsb' substituted by `rgb' on input line 1341.
Package xcolor Info: Model `RGB' extended on input line 1353.
Package xcolor Info: Model `HTML' substituted by `rgb' on input line 1355.
Package xcolor Info: Model `Hsb' substituted by `hsb' on input line 1356.
Package xcolor Info: Model `tHsb' substituted by `hsb' on input line 1357.
Package xcolor Info: Model `HSB' substituted by `hsb' on input line 1358.
Package xcolor Info: Model `Gray' substituted by `gray' on input line 1359.
Package xcolor Info: Model `wave' substituted by `hsb' on input line 1360.
)
(/usr/share/texlive/texmf-dist/tex/latex/geometry/geometry.sty
Package: geometry 2010/09/12 v5.6 Page Geometry

(/usr/share/texlive/texmf-dist/tex/generic/oberdiek/ifpdf.sty
Package: ifpdf 2011/01/30 v2.3 Provides the ifpdf switch (HO)
Package ifpdf Info: pdfTeX in PDF mode is detected.
)
(/usr/share/texlive/texmf-dist/tex/generic/oberdiek/ifvtex.sty
Package: ifvtex 2010/03/01 v1.5 Detect VTeX and its facilities (HO)
Package ifvtex Info: VTeX not detected.
)
(/usr/share/texlive/texmf-dist/tex/generic/ifxetex/ifxetex.sty
Package: ifxetex 2010/09/12 v0.6 Provides ifxetex conditional
)
\Gm@cnth=\count104
\Gm@cntv=\count105
\c@Gm@tempcnt=\count106
\Gm@bindingoffset=\dimen114
\Gm@wd@mp=\dimen115
\Gm@odd@mp=\dimen116
\Gm@even@mp=\dimen117
\Gm@layoutwidth=\dimen118
\Gm@layoutheight=\dimen119
\Gm@layouthoffset=\dimen120
\Gm@layoutvoffset=\dimen121
\Gm@dimlist=\toks22
)
(/usr/share/texlive/texmf-dist/tex/latex/hyperref/hyperref.sty
Package: hyperref 2012/11/06 v6.83m Hypertext links for LaTeX

(/usr/share/texlive/texmf-dist/tex/generic/oberdiek/hobsub-hyperref.sty
Package: hobsub-hyperref 2012/05/28 v1.13 Bundle oberdiek, subset hyperref (HO)


(/usr/share/texlive/texmf-dist/tex/generic/oberdiek/hobsub-generic.sty
Package: hobsub-generic 2012/05/28 v1.13 Bundle oberdiek, subset generic (HO)
Package: hobsub 2012/05/28 v1.13 Construct package bundles (HO)
Package hobsub Info: Skipping package `infwarerr' (already loaded).
Package hobsub Info: Skipping package `ltxcmds' (already loaded).
Package: ifluatex 2010/03/01 v1.3 Provides the ifluatex switch (HO)
Package ifluatex Info: LuaTeX not detected.
Package hobsub Info: Skipping package `ifvtex' (already loaded).
Package: intcalc 2007/09/27 v1.1 Expandable calculations with integers (HO)
Package hobsub Info: Skipping package `ifpdf' (already loaded).
Package: etexcmds 2011/02/16 v1.5 Avoid name clashes with e-TeX commands (HO)
Package etexcmds Info: Could not find \expanded.
(etexcmds)             That can mean that you are not using pdfTeX 1.50 or
(etexcmds)             that some package has redefined \expanded.
(etexcmds)             In the latter case, load this package earlier.
Package: kvsetkeys 2012/04/25 v1.16 Key value parser (HO)
Package: kvdefinekeys 2011/04/07 v1.3 Define keys (HO)
Package: pdftexcmds 2011/11/29 v0.20 Utility functions of pdfTeX for LuaTeX (HO
)
Package pdftexcmds Info: LuaTeX not detected.
Package pdftexcmds Info: \pdf@primitive is available.
Package pdftexcmds Info: \pdf@ifprimitive is available.
Package pdftexcmds Info: \pdfdraftmode found.
Package: pdfescape 2011/11/25 v1.13 Implements pdfTeX's escape features (HO)
Package: bigintcalc 2012/04/08 v1.3 Expandable calculations on big integers (HO
)
Package: bitset 2011/01/30 v1.1 Handle bit-vector datatype (HO)
Package: uniquecounter 2011/01/30 v1.2 Provide unlimited unique counter (HO)
)
Package hobsub Info: Skipping package `hobsub' (already loaded).
Package: letltxmacro 2010/09/02 v1.4 Let assignment for LaTeX macros (HO)
Package: hopatch 2012/05/28 v1.2 Wrapper for package hooks (HO)
Package: xcolor-patch 2011/01/30 xcolor patch
Package: atveryend 2011/06/30 v1.8 Hooks at the very end of document (HO)
Package atveryend Info: \enddocument detected (standard20110627).
Package: atbegshi 2011/10/05 v1.16 At begin shipout hook (HO)
Package: refcount 2011/10/16 v3.4 Data extraction from label references (HO)
Package: hycolor 2011/01/30 v1.7 Color options for hyperref/bookmark (HO)
)
(/usr/share/texlive/texmf-dist/tex/latex/oberdiek/auxhook.sty
Package: auxhook 2011/03/04 v1.3 Hooks for auxiliary files (HO)
)
(/usr/share/texlive/texmf-dist/tex/latex/oberdiek/kvoptions.sty
Package: kvoptions 2011/06/30 v3.11 Key value format for package options (HO)
)
\@linkdim=\dimen122
\Hy@linkcounter=\count107
\Hy@pagecounter=\count108

(/usr/share/texlive/texmf-dist/tex/latex/hyperref/pd1enc.def
File: pd1enc.def 2012/11/06 v6.83m Hyperref: PDFDocEncoding definition (HO)
)
\Hy@SavedSpaceFactor=\count109

(/usr/share/texlive/texmf-dist/tex/latex/latexconfig/hyperref.cfg
File: hyperref.cfg 2002/06/06 v1.2 hyperref configuration of TeXLive
)
Package hyperref Info: Hyper figures OFF on input line 4443.
Package hyperref Info: Link nesting OFF on input line 4448.
Package hyperref Info: Hyper index ON on input line 4451.
Package hyperref Info: Plain pages OFF on input line 4458.
Package hyperref Info: Backreferencing OFF on input line 4463.
Package hyperref Info: Implicit mode ON; LaTeX internals redefined.
Package hyperref Info: Bookmarks ON on input line 4688.
\c@Hy@tempcnt=\count110

(/usr/share/texlive/texmf-dist/tex/latex/url/url.sty
\Urlmuskip=\muskip11
Package: url 2013/09/16  ver 3.4  Verb mode for urls, etc.
)
LaTeX Info: Redefining \url on input line 5041.
\XeTeXLinkMargin=\dimen123
\Fld@menulength=\count111
\Field@Width=\dimen124
\Fld@charsize=\dimen125
Package hyperref Info: Hyper figures OFF on input line 6295.
Package hyperref Info: Link nesting OFF on input line 6300.
Package hyperref Info: Hyper index ON on input line 6303.
Package hyperref Info: backreferencing OFF on input line 6310.
Package hyperref Info: Link coloring OFF on input line 6315.
Package hyperref Info: Link coloring with OCG OFF on input line 6320.
Package hyperref Info: PDF/A mode OFF on input line 6325.
LaTeX Info: Redefining \ref on input line 6365.
LaTeX Info: Redefining \pageref on input line 6369.
\Hy@abspage=\count112
\c@Item=\count113
\c@Hfootnote=\count114
)

Package hyperref Message: Driver (autodetected): hpdftex.

(/usr/share/texlive/texmf-dist/tex/latex/hyperref/hpdftex.def
File: hpdftex.def 2012/11/06 v6.83m Hyperref driver for pdfTeX
\Fld@listcount=\count115
\c@bookmark@seq@number=\count116

(/usr/share/texlive/texmf-dist/tex/latex/oberdiek/rerunfilecheck.sty
Package: rerunfilecheck 2011/04/15 v1.7 Rerun checks for auxiliary files (HO)
Package uniquecounter Info: New unique counter `rerunfilecheck' on input line 2
82.
)
\Hy@SectionHShift=\skip48
)
No file mendez.aux.
\openout1 = `mendez.aux'.

LaTeX Font Info:    Checking defaults for OML/cmm/m/it on input line 15.
LaTeX Font Info:    ... okay on input line 15.
LaTeX Font Info:    Checking defaults for T1/cmr/m/n on input line 15.
LaTeX Font Info:    ... okay on input line 15.
LaTeX Font Info:    Checking defaults for OT1/cmr/m/n on input line 15.
LaTeX Font Info:    ... okay on input line 15.
LaTeX Font Info:    Checking defaults for OMS/cmsy/m/n on input line 15.
LaTeX Font Info:    ... okay on input line 15.
LaTeX Font Info:    Checking defaults for OMX/cmex/m/n on input line 15.
LaTeX Font Info:    ... okay on input line 15.
LaTeX Font Info:    Checking defaults for U/cmr/m/n on input line 15.
LaTeX Font Info:    ... okay on input line 15.
LaTeX Font Info:    Checking defaults for PD1/pdf/m/n on input line 15.
LaTeX Font Info:    ... okay on input line 15.
(/usr/share/texlive/texmf-dist/tex/context/base/supp-pdf.mkii
[Loading MPS to PDF converter (version 2006.09.02).]
\scratchcounter=\count117
\scratchdimen=\dimen126
\scratchbox=\box30
\nofMPsegments=\count118
\nofMParguments=\count119
\everyMPshowfont=\toks23
\MPscratchCnt=\count120
\MPscratchDim=\dimen127
\MPnumerator=\count121
\makeMPintoPDFobject=\count122
\everyMPtoPDFconversion=\toks24
) (/usr/share/texlive/texmf-dist/tex/latex/oberdiek/epstopdf-base.sty
Package: epstopdf-base 2010/02/09 v2.5 Base part for package epstopdf

(/usr/share/texlive/texmf-dist/tex/latex/oberdiek/grfext.sty
Package: grfext 2010/08/19 v1.1 Manage graphics extensions (HO)
)
Package grfext Info: Graphics extension search list:
(grfext)             [.png,.pdf,.jpg,.mps,.jpeg,.jbig2,.jb2,.PNG,.PDF,.JPG,.JPE
G,.JBIG2,.JB2,.eps]
(grfext)             \AppendGraphicsExtensions on input line 452.

(/usr/share/texlive/texmf-dist/tex/latex/latexconfig/epstopdf-sys.cfg
File: epstopdf-sys.cfg 2010/07/13 v1.3 Configuration of (r)epstopdf for TeX Liv
e
))
*geometry* driver: auto-detecting
*geometry* detected driver: pdftex
*geometry* verbose mode - [ preamble ] result:
* driver: pdftex
* paper: <default>
* layout: <same size as paper>
* layoutoffset:(h,v)=(0.0pt,0.0pt)
* modes: 
* h-part:(L,W,R)=(79.49744pt, 455.30013pt, 79.49744pt)
* v-part:(T,H,B)=(79.49744pt, 635.97511pt, 79.49744pt)
* \paperwidth=614.295pt
* \paperheight=794.96999pt
* \textwidth=455.30013pt
* \textheight=635.97511pt
* \oddsidemargin=7.22745pt
* \evensidemargin=7.22745pt
* \topmargin=-29.77255pt
* \headheight=12.0pt
* \headsep=25.0pt
* \topskip=10.0pt
* \footskip=30.0pt
* \marginparwidth=65.0pt
* \marginparsep=11.0pt
* \columnsep=10.0pt
* \skip\footins=9.0pt plus 4.0pt minus 2.0pt
* \hoffset=0.0pt
* \voffset=0.0pt
* \mag=1000
* \@twocolumnfalse
* \@twosidefalse
* \@mparswitchfalse
* \@reversemarginfalse
* (1in=72.27pt=25.4mm, 1cm=28.453pt)

\AtBeginShipoutBox=\box31
Package hyperref Info: Link coloring OFF on input line 15.
(/usr/share/texlive/texmf-dist/tex/latex/hyperref/nameref.sty
Package: nameref 2012/10/27 v2.43 Cross-referencing by name of section

(/usr/share/texlive/texmf-dist/tex/generic/oberdiek/gettitlestring.sty
Package: gettitlestring 2010/12/03 v1.4 Cleanup title references (HO)
)
\c@section@level=\count123
)
LaTeX Info: Redefining \ref on input line 15.
LaTeX Info: Redefining \pageref on input line 15.
LaTeX Info: Redefining \nameref on input line 15.
\@outlinefile=\write3
\openout3 = `mendez.out'.

LaTeX Font Info:    Try loading font information for U+msa on input line 31.

(/usr/share/texlive/texmf-dist/tex/latex/amsfonts/umsa.fd
File: umsa.fd 2013/01/14 v3.01 AMS symbols A
)
LaTeX Font Info:    Try loading font information for U+msb on input line 31.

(/usr/share/texlive/texmf-dist/tex/latex/amsfonts/umsb.fd
File: umsb.fd 2013/01/14 v3.01 AMS symbols B
)
\tf@toc=\write4
\openout4 = `mendez.toc'.



LaTeX Warning: Citation `parsecwebpage' on page 1 undefined on input line 69.


LaTeX Warning: Citation `Chelikowsky1994' on page 1 undefined on input line 69.



LaTeX Warning: Citation `Mendez2015' on page 1 undefined on input line 89.


LaTeX Warning: Citation `Mendez2016' on page 1 undefined on input line 89.


LaTeX Warning: Citation `Mendez2018' on page 1 undefined on input line 89.

[1

{/var/lib/texmf/fonts/map/pdftex/updmap/pdftex.map}]

LaTeX Warning: Reference `fig:pseudoLi' on page 2 undefined on input line 138.

Package epstopdf Info: Source file: <figures/pseudopot/pseudopotAr.eps>
(epstopdf)                    date: 2019-02-26 12:31:51
(epstopdf)                    size: 30997 bytes
(epstopdf)             Output file: <figures/pseudopot/pseudopotAr-eps-converte
d-to.pdf>
(epstopdf)                    date: 2019-02-26 12:32:22
(epstopdf)                    size: 11651 bytes
(epstopdf)             Command: <repstopdf --outfile=figures/pseudopot/pseudopo
tAr-eps-converted-to.pdf figures/pseudopot/pseudopotAr.eps>
(epstopdf)             \includegraphics on input line 146.
Package epstopdf Info: Output file is already uptodate.


pdfTeX warning: /usr/bin/pdflatex (file ./figures/pseudopot/pseudopotAr-eps-con
verted-to.pdf): PDF inclusion: found PDF version <1.7>, but at most version <1.
5> allowed

<figures/pseudopot/pseudopotAr-eps-converted-to.pdf, id=20, 575.14874pt x 428.6
0126pt>
File: figures/pseudopot/pseudopotAr-eps-converted-to.pdf Graphic file (type pdf
)
 <use figures/pseudopot/pseudopotAr-eps-converted-to.pdf>
Package pdftex.def Info: figures/pseudopot/pseudopotAr-eps-converted-to.pdf use
d on input line 146.
(pdftex.def)             Requested size: 196.28517pt x 146.27155pt.
Package epstopdf Info: Source file: <figures/pseudopot/pseudofuncAr.eps>
(epstopdf)                    date: 2019-02-26 12:32:17
(epstopdf)                    size: 39432 bytes
(epstopdf)             Output file: <figures/pseudopot/pseudofuncAr-eps-convert
ed-to.pdf>
(epstopdf)                    date: 2019-02-26 12:32:22
(epstopdf)                    size: 16005 bytes
(epstopdf)             Command: <repstopdf --outfile=figures/pseudopot/pseudofu
ncAr-eps-converted-to.pdf figures/pseudopot/pseudofuncAr.eps>
(epstopdf)             \includegraphics on input line 148.
Package epstopdf Info: Output file is already uptodate.


pdfTeX warning: /usr/bin/pdflatex (file ./figures/pseudopot/pseudofuncAr-eps-co
nverted-to.pdf): PDF inclusion: found PDF version <1.7>, but at most version <1
.5> allowed

<figures/pseudopot/pseudofuncAr-eps-converted-to.pdf, id=21, 565.11125pt x 436.
63126pt>
File: figures/pseudopot/pseudofuncAr-eps-converted-to.pdf Graphic file (type pd
f)
 <use figures/pseudopot/pseudofuncAr-eps-converted-to.pdf>
Package pdftex.def Info: figures/pseudopot/pseudofuncAr-eps-converted-to.pdf us
ed on input line 148.
(pdftex.def)             Requested size: 189.30696pt x 146.27155pt.


LaTeX Warning: Reference `sec:colproc' on page 2 undefined on input line 154.


LaTeX Warning: Citation `abinitwebpage' on page 2 undefined on input line 162.


LaTeX Warning: Citation `Hamann1979' on page 2 undefined on input line 162.


LaTeX Warning: Citation `parsecwebpage' on page 2 undefined on input line 163.


LaTeX Warning: Citation `Chelikowsky1994' on page 2 undefined on input line 163
.


LaTeX Warning: Reference `eq:pseudosources' on page 2 undefined on input line 1
70.

[2 <./figures/pseudopot/pseudopotAr-eps-converted-to.pdf> <./figures/pseudopot/
pseudofuncAr-eps-converted-to.pdf>]

LaTeX Warning: Reference `eq:pseudosources' on page 3 undefined on input line 1
82.


LaTeX Warning: Reference `fig:ZLi' on page 3 undefined on input line 183.


LaTeX Warning: Reference `sec:DIM' on page 3 undefined on input line 185.

Package epstopdf Info: Source file: <figures/pseudopot/ZLi.eps>
(epstopdf)                    date: 2019-02-14 16:49:11
(epstopdf)                    size: 35050 bytes
(epstopdf)             Output file: <figures/pseudopot/ZLi-eps-converted-to.pdf
>
(epstopdf)                    date: 2019-02-14 16:49:22
(epstopdf)                    size: 12659 bytes
(epstopdf)             Command: <repstopdf --outfile=figures/pseudopot/ZLi-eps-
converted-to.pdf figures/pseudopot/ZLi.eps>
(epstopdf)             \includegraphics on input line 194.
Package epstopdf Info: Output file is already uptodate.
<figures/pseudopot/ZLi-eps-converted-to.pdf, id=52, 560.0925pt x 428.60126pt>
File: figures/pseudopot/ZLi-eps-converted-to.pdf Graphic file (type pdf)

<use figures/pseudopot/ZLi-eps-converted-to.pdf>
Package pdftex.def Info: figures/pseudopot/ZLi-eps-converted-to.pdf used on inp
ut line 194.
(pdftex.def)             Requested size: 191.14682pt x 146.27155pt.
Package epstopdf Info: Source file: <figures/pseudopot/ZLik.eps>
(epstopdf)                    date: 2019-02-14 18:07:19
(epstopdf)                    size: 58287 bytes
(epstopdf)             Output file: <figures/pseudopot/ZLik-eps-converted-to.pd
f>
(epstopdf)                    date: 2019-02-14 18:11:17
(epstopdf)                    size: 21305 bytes
(epstopdf)             Command: <repstopdf --outfile=figures/pseudopot/ZLik-eps
-converted-to.pdf figures/pseudopot/ZLik.eps>
(epstopdf)             \includegraphics on input line 196.
Package epstopdf Info: Output file is already uptodate.

<figures/pseudopot/ZLik-eps-converted-to.pdf, id=53, 566.115pt x 428.60126pt>
File: figures/pseudopot/ZLik-eps-converted-to.pdf Graphic file (type pdf)

<use figures/pseudopot/ZLik-eps-converted-to.pdf>
Package pdftex.def Info: figures/pseudopot/ZLik-eps-converted-to.pdf used on in
put line 196.
(pdftex.def)             Requested size: 193.20216pt x 146.27155pt.


LaTeX Warning: Reference `eq:pseudosources' on page 3 undefined on input line 2
20.


LaTeX Warning: Reference `fig:wavesLi' on page 3 undefined on input line 220.

Package epstopdf Info: Source file: <figures/pseudopot/funcLi.eps>
(epstopdf)                    date: 2019-02-14 18:07:21
(epstopdf)                    size: 44524 bytes
(epstopdf)             Output file: <figures/pseudopot/funcLi-eps-converted-to.
pdf>
(epstopdf)                    date: 2019-02-14 18:11:17
(epstopdf)                    size: 17940 bytes
(epstopdf)             Command: <repstopdf --outfile=figures/pseudopot/funcLi-e
ps-converted-to.pdf figures/pseudopot/funcLi.eps>
(epstopdf)             \includegraphics on input line 231.
Package epstopdf Info: Output file is already uptodate.

<figures/pseudopot/funcLi-eps-converted-to.pdf, id=54, 568.1225pt x 428.60126pt
>
File: figures/pseudopot/funcLi-eps-converted-to.pdf Graphic file (type pdf)
 <use figures/pseudopot/funcLi-eps-converted-to.pdf>
Package pdftex.def Info: figures/pseudopot/funcLi-eps-converted-to.pdf used on 
input line 231.
(pdftex.def)             Requested size: 193.88727pt x 146.27155pt.
Package epstopdf Info: Source file: <figures/pseudopot/funckLi.eps>
(epstopdf)                    date: 2019-02-14 18:07:23
(epstopdf)                    size: 50229 bytes
(epstopdf)             Output file: <figures/pseudopot/funckLi-eps-converted-to
.pdf>
(epstopdf)                    date: 2019-02-14 18:11:17
(epstopdf)                    size: 18226 bytes
(epstopdf)             Command: <repstopdf --outfile=figures/pseudopot/funckLi-
eps-converted-to.pdf figures/pseudopot/funckLi.eps>
(epstopdf)             \includegraphics on input line 233.
Package epstopdf Info: Output file is already uptodate.

<figures/pseudopot/funckLi-eps-converted-to.pdf, id=55, 561.09625pt x 428.60126
pt>
File: figures/pseudopot/funckLi-eps-converted-to.pdf Graphic file (type pdf)
 <use figures/pseudopot/funckLi-eps-converted-to.pdf>
Package pdftex.def Info: figures/pseudopot/funckLi-eps-converted-to.pdf used on
 input line 233.
(pdftex.def)             Requested size: 191.48938pt x 146.27155pt.
 [3 <./figures/pseudopot/ZLi-eps-converted-to.pdf> <./figures/pseudopot/ZLik-ep
s-converted-to.pdf>]

LaTeX Warning: Reference `fig:contLi' on page 4 undefined on input line 253.

Package epstopdf Info: Source file: <figures/pseudopot/LicontA.eps>
(epstopdf)                    date: 2019-02-15 14:27:52
(epstopdf)                    size: 28364 bytes
(epstopdf)             Output file: <figures/pseudopot/LicontA-eps-converted-to
.pdf>
(epstopdf)                    date: 2019-02-18 14:52:03
(epstopdf)                    size: 12605 bytes
(epstopdf)             Command: <repstopdf --outfile=figures/pseudopot/LicontA-
eps-converted-to.pdf figures/pseudopot/LicontA.eps>
(epstopdf)             \includegraphics on input line 266.
Package epstopdf Info: Output file is already uptodate.


pdfTeX warning: /usr/bin/pdflatex (file ./figures/pseudopot/LicontA-eps-convert
ed-to.pdf): PDF inclusion: found PDF version <1.7>, but at most version <1.5> a
llowed

<figures/pseudopot/LicontA-eps-converted-to.pdf, id=82, 555.07375pt x 428.60126
pt>
File: figures/pseudopot/LicontA-eps-converted-to.pdf Graphic file (type pdf)
 <use figures/pseudopot/LicontA-eps-converted-to.pdf>
Package pdftex.def Info: figures/pseudopot/LicontA-eps-converted-to.pdf used on
 input line 266.
(pdftex.def)             Requested size: 189.43402pt x 146.27155pt.
Package epstopdf Info: Source file: <figures/pseudopot/LicontB.eps>
(epstopdf)                    date: 2019-02-14 18:07:27
(epstopdf)                    size: 19166 bytes
(epstopdf)             Output file: <figures/pseudopot/LicontB-eps-converted-to
.pdf>
(epstopdf)                    date: 2019-02-14 18:11:17
(epstopdf)                    size: 9974 bytes
(epstopdf)             Command: <repstopdf --outfile=figures/pseudopot/LicontB-
eps-converted-to.pdf figures/pseudopot/LicontB.eps>
(epstopdf)             \includegraphics on input line 268.
Package epstopdf Info: Output file is already uptodate.

<figures/pseudopot/LicontB-eps-converted-to.pdf, id=83, 493.845pt x 428.60126pt
>
File: figures/pseudopot/LicontB-eps-converted-to.pdf Graphic file (type pdf)
 <use figures/pseudopot/LicontB-eps-converted-to.pdf>
Package pdftex.def Info: figures/pseudopot/LicontB-eps-converted-to.pdf used on
 input line 268.
(pdftex.def)             Requested size: 168.53804pt x 146.27155pt.


LaTeX Warning: Citation `Mendez2015' on page 4 undefined on input line 279.


LaTeX Warning: Citation `Mendez2016' on page 4 undefined on input line 279.


LaTeX Warning: Citation `Mendez2018' on page 4 undefined on input line 279.

[4 <./figures/pseudopot/funcLi-eps-converted-to.pdf> <./figures/pseudopot/funck
Li-eps-converted-to.pdf> <./figures/pseudopot/LicontA-eps-converted-to.pdf> <./
figures/pseudopot/LicontB-eps-converted-to.pdf>]

LaTeX Warning: Citation `FroeseFischer1997' on page 5 undefined on input line 2
94.


LaTeX Warning: Citation `Johnson2007' on page 5 undefined on input line 295.


LaTeX Warning: Reference `eq:V' on page 5 undefined on input line 295.


LaTeX Warning: Citation `Mendez2018' on page 5 undefined on input line 298.

[5]

LaTeX Warning: Reference `fig:exHLi' on page 6 undefined on input line 401.


LaTeX Warning: Reference `eq:pmin' on page 6 undefined on input line 408.


LaTeX Warning: Reference `fig:wavesLi' on page 6 undefined on input line 420.

Package epstopdf Info: Source file: <figures/pseudopot/Hex.eps>
(epstopdf)                    date: 2019-02-22 16:55:35
(epstopdf)                    size: 15570 bytes
(epstopdf)             Output file: <figures/pseudopot/Hex-eps-converted-to.pdf
>
(epstopdf)                    date: 2019-02-22 16:56:10
(epstopdf)                    size: 9463 bytes
(epstopdf)             Command: <repstopdf --outfile=figures/pseudopot/Hex-eps-
converted-to.pdf figures/pseudopot/Hex.eps>
(epstopdf)             \includegraphics on input line 424.
Package epstopdf Info: Output file is already uptodate.


pdfTeX warning: /usr/bin/pdflatex (file ./figures/pseudopot/Hex-eps-converted-t
o.pdf): PDF inclusion: found PDF version <1.7>, but at most version <1.5> allow
ed
<figures/pseudopot/Hex-eps-converted-to.pdf, id=146, 565.11125pt x 437.635pt>
File: figures/pseudopot/Hex-eps-converted-to.pdf Graphic file (type pdf)

<use figures/pseudopot/Hex-eps-converted-to.pdf>
Package pdftex.def Info: figures/pseudopot/Hex-eps-converted-to.pdf used on inp
ut line 424.
(pdftex.def)             Requested size: 188.87582pt x 146.27155pt.
Package epstopdf Info: Source file: <figures/pseudopot/Liex.eps>
(epstopdf)                    date: 2019-02-14 18:11:04
(epstopdf)                    size: 16009 bytes
(epstopdf)             Output file: <figures/pseudopot/Liex-eps-converted-to.pd
f>
(epstopdf)                    date: 2019-02-14 18:11:18
(epstopdf)                    size: 10445 bytes
(epstopdf)             Command: <repstopdf --outfile=figures/pseudopot/Liex-eps
-converted-to.pdf figures/pseudopot/Liex.eps>
(epstopdf)             \includegraphics on input line 426.
Package epstopdf Info: Output file is already uptodate.

<figures/pseudopot/Liex-eps-converted-to.pdf, id=147, 570.13pt x 442.65375pt>
File: figures/pseudopot/Liex-eps-converted-to.pdf Graphic file (type pdf)

<use figures/pseudopot/Liex-eps-converted-to.pdf>
Package pdftex.def Info: figures/pseudopot/Liex-eps-converted-to.pdf used on in
put line 426.
(pdftex.def)             Requested size: 188.39577pt x 146.27155pt.


LaTeX Warning: Reference `eq:transition-matrix' on page 6 undefined on input li
ne 436.


LaTeX Warning: Reference `eq:form-factor' on page 6 undefined on input line 443
.


LaTeX Warning: Reference `fig:ionHLi' on page 6 undefined on input line 449.


LaTeX Warning: Reference `fig:ionHLi' on page 6 undefined on input line 462.

Package epstopdf Info: Source file: <figures/pseudopot/ionizationH.eps>
(epstopdf)                    date: 2019-02-26 14:30:53
(epstopdf)                    size: 17187 bytes
(epstopdf)             Output file: <figures/pseudopot/ionizationH-eps-converte
d-to.pdf>
(epstopdf)                    date: 2019-02-26 14:31:16
(epstopdf)                    size: 10873 bytes
(epstopdf)             Command: <repstopdf --outfile=figures/pseudopot/ionizati
onH-eps-converted-to.pdf figures/pseudopot/ionizationH.eps>
(epstopdf)             \includegraphics on input line 467.
Package epstopdf Info: Output file is already uptodate.


pdfTeX warning: /usr/bin/pdflatex (file ./figures/pseudopot/ionizationH-eps-con
verted-to.pdf): PDF inclusion: found PDF version <1.7>, but at most version <1.
5> allowed

<figures/pseudopot/ionizationH-eps-converted-to.pdf, id=148, 576.1525pt x 429.6
05pt>
File: figures/pseudopot/ionizationH-eps-converted-to.pdf Graphic file (type pdf
)
 <use figures/pseudopot/ionizationH-eps-converted-to.pdf>
Package pdftex.def Info: figures/pseudopot/ionizationH-eps-converted-to.pdf use
d on input line 467.
(pdftex.def)             Requested size: 191.91556pt x 143.09828pt.
Package epstopdf Info: Source file: <figures/pseudopot/ionizationLi.eps>
(epstopdf)                    date: 2019-02-26 14:31:11
(epstopdf)                    size: 16435 bytes
(epstopdf)             Output file: <figures/pseudopot/ionizationLi-eps-convert
ed-to.pdf>
(epstopdf)                    date: 2019-02-26 14:31:16
(epstopdf)                    size: 10904 bytes
(epstopdf)             Command: <repstopdf --outfile=figures/pseudopot/ionizati
onLi-eps-converted-to.pdf figures/pseudopot/ionizationLi.eps>
(epstopdf)             \includegraphics on input line 469.
Package epstopdf Info: Output file is already uptodate.


pdfTeX warning: /usr/bin/pdflatex (file ./figures/pseudopot/ionizationLi-eps-co
nverted-to.pdf): PDF inclusion: found PDF version <1.7>, but at most version <1
.5> allowed

<figures/pseudopot/ionizationLi-eps-converted-to.pdf, id=149, 570.13pt x 429.60
5pt>
File: figures/pseudopot/ionizationLi-eps-converted-to.pdf Graphic file (type pd
f)
 <use figures/pseudopot/ionizationLi-eps-converted-to.pdf>
Package pdftex.def Info: figures/pseudopot/ionizationLi-eps-converted-to.pdf us
ed on input line 469.
(pdftex.def)             Requested size: 189.90947pt x 143.09828pt.
 [6 <./figures/pseudopot/Hex-eps-converted-to.pdf> <./figures/pseudopot/Liex-ep
s-converted-to.pdf>]

LaTeX Warning: Citation `Brinkman1930' on page 7 undefined on input line 485.


LaTeX Warning: Reference `eq:pmin' on page 7 undefined on input line 505.


LaTeX Warning: Reference `fig:captureH' on page 7 undefined on input line 508.

Package epstopdf Info: Source file: <figures/pseudopot/captureH.eps>
(epstopdf)                    date: 2019-02-14 18:07:39
(epstopdf)                    size: 14068 bytes
(epstopdf)             Output file: <figures/pseudopot/captureH-eps-converted-t
o.pdf>
(epstopdf)                    date: 2019-02-14 18:11:18
(epstopdf)                    size: 7985 bytes
(epstopdf)             Command: <repstopdf --outfile=figures/pseudopot/captureH
-eps-converted-to.pdf figures/pseudopot/captureH.eps>
(epstopdf)             \includegraphics on input line 522.
Package epstopdf Info: Output file is already uptodate.

<figures/pseudopot/captureH-eps-converted-to.pdf, id=180, 565.11125pt x 442.653
75pt>
File: figures/pseudopot/captureH-eps-converted-to.pdf Graphic file (type pdf)
 <use figures/pseudopot/captureH-eps-converted-to.pdf>
Package pdftex.def Info: figures/pseudopot/captureH-eps-converted-to.pdf used o
n input line 522.
(pdftex.def)             Requested size: 186.73735pt x 146.27155pt.
Package epstopdf Info: Source file: <figures/pseudopot/captureLi.eps>
(epstopdf)                    date: 2019-02-14 18:07:46
(epstopdf)                    size: 18711 bytes
(epstopdf)             Output file: <figures/pseudopot/captureLi-eps-converted-
to.pdf>
(epstopdf)                    date: 2019-02-14 18:11:18
(epstopdf)                    size: 10072 bytes
(epstopdf)             Command: <repstopdf --outfile=figures/pseudopot/captureL
i-eps-converted-to.pdf figures/pseudopot/captureLi.eps>
(epstopdf)             \includegraphics on input line 524.
Package epstopdf Info: Output file is already uptodate.

<figures/pseudopot/captureLi-eps-converted-to.pdf, id=181, 571.13374pt x 442.65
375pt>
File: figures/pseudopot/captureLi-eps-converted-to.pdf Graphic file (type pdf)
 <use figures/pseudopot/captureLi-eps-converted-to.pdf>
Package pdftex.def Info: figures/pseudopot/captureLi-eps-converted-to.pdf used 
on input line 524.
(pdftex.def)             Requested size: 188.72745pt x 146.27155pt.
 [7 <./figures/pseudopot/ionizationH-eps-converted-to.pdf> <./figures/pseudopot
/ionizationLi-eps-converted-to.pdf>]

LaTeX Warning: Reference `fig:photoHLi' on page 8 undefined on input line 554.


LaTeX Warning: Reference `fig:wavesLi' on page 8 undefined on input line 575.

Package epstopdf Info: Source file: <figures/pseudopot/photoionH.eps>
(epstopdf)                    date: 2019-02-14 18:12:29
(epstopdf)                    size: 17159 bytes
(epstopdf)             Output file: <figures/pseudopot/photoionH-eps-converted-
to.pdf>
(epstopdf)                    date: 2019-02-14 18:12:35
(epstopdf)                    size: 9111 bytes
(epstopdf)             Command: <repstopdf --outfile=figures/pseudopot/photoion
H-eps-converted-to.pdf figures/pseudopot/photoionH.eps>
(epstopdf)             \includegraphics on input line 579.
Package epstopdf Info: Output file is already uptodate.

<figures/pseudopot/photoionH-eps-converted-to.pdf, id=217, 571.13374pt x 439.64
25pt>
File: figures/pseudopot/photoionH-eps-converted-to.pdf Graphic file (type pdf)
 <use figures/pseudopot/photoionH-eps-converted-to.pdf>
Package pdftex.def Info: figures/pseudopot/photoionH-eps-converted-to.pdf used 
on input line 579.
(pdftex.def)             Requested size: 190.01723pt x 146.27155pt.
Package epstopdf Info: Source file: <figures/pseudopot/photoionLi.eps>
(epstopdf)                    date: 2019-02-14 18:12:31
(epstopdf)                    size: 18568 bytes
(epstopdf)             Output file: <figures/pseudopot/photoionLi-eps-converted
-to.pdf>
(epstopdf)                    date: 2019-02-14 18:12:35
(epstopdf)                    size: 9685 bytes
(epstopdf)             Command: <repstopdf --outfile=figures/pseudopot/photoion
Li-eps-converted-to.pdf figures/pseudopot/photoionLi.eps>
(epstopdf)             \includegraphics on input line 581.
Package epstopdf Info: Output file is already uptodate.

<figures/pseudopot/photoionLi-eps-converted-to.pdf, id=218, 571.13374pt x 439.6
425pt>
File: figures/pseudopot/photoionLi-eps-converted-to.pdf Graphic file (type pdf)

 <use figures/pseudopot/photoionLi-eps-converted-to.pdf>
Package pdftex.def Info: figures/pseudopot/photoionLi-eps-converted-to.pdf used
 on input line 581.
(pdftex.def)             Requested size: 190.01723pt x 146.27155pt.
 [8 <./figures/pseudopot/captureH-eps-converted-to.pdf> <./figures/pseudopot/ca
ptureLi-eps-converted-to.pdf>]

LaTeX Warning: Citation `Mendez2016' on page 9 undefined on input line 593.


LaTeX Warning: Reference `fig:photoDIM' on page 9 undefined on input line 596.


LaTeX Warning: Citation `Henke1993' on page 9 undefined on input line 597.


LaTeX Warning: Citation `Samson1990' on page 9 undefined on input line 597.


LaTeX Warning: Citation `Samson2002' on page 9 undefined on input line 597.


LaTeX Warning: Citation `Stolte2016' on page 9 undefined on input line 597.


LaTeX Warning: Citation `Ederer1964' on page 9 undefined on input line 605.

Package epstopdf Info: Source file: <figures/dimpot/photoN.eps>
(epstopdf)                    date: 2019-02-14 18:18:38
(epstopdf)                    size: 20481 bytes
(epstopdf)             Output file: <figures/dimpot/photoN-eps-converted-to.pdf
>
(epstopdf)                    date: 2019-02-14 18:18:48
(epstopdf)                    size: 11864 bytes
(epstopdf)             Command: <repstopdf --outfile=figures/dimpot/photoN-eps-
converted-to.pdf figures/dimpot/photoN.eps>
(epstopdf)             \includegraphics on input line 609.
Package epstopdf Info: Output file is already uptodate.
<figures/dimpot/photoN-eps-converted-to.pdf, id=240, 572.1375pt x 439.6425pt>
File: figures/dimpot/photoN-eps-converted-to.pdf Graphic file (type pdf)

<use figures/dimpot/photoN-eps-converted-to.pdf>
Package pdftex.def Info: figures/dimpot/photoN-eps-converted-to.pdf used on inp
ut line 609.
(pdftex.def)             Requested size: 190.35118pt x 146.27155pt.
Package epstopdf Info: Source file: <figures/dimpot/photoNe.eps>
(epstopdf)                    date: 2019-02-14 18:18:44
(epstopdf)                    size: 31953 bytes
(epstopdf)             Output file: <figures/dimpot/photoNe-eps-converted-to.pd
f>
(epstopdf)                    date: 2019-02-14 18:18:49
(epstopdf)                    size: 20762 bytes
(epstopdf)             Command: <repstopdf --outfile=figures/dimpot/photoNe-eps
-converted-to.pdf figures/dimpot/photoNe.eps>
(epstopdf)             \includegraphics on input line 611.
Package epstopdf Info: Output file is already uptodate.

<figures/dimpot/photoNe-eps-converted-to.pdf, id=241, 575.14874pt x 439.6425pt>
File: figures/dimpot/photoNe-eps-converted-to.pdf Graphic file (type pdf)
<use figures/dimpot/photoNe-eps-converted-to.pdf>
Package pdftex.def Info: figures/dimpot/photoNe-eps-converted-to.pdf used on in
put line 611.
(pdftex.def)             Requested size: 191.35303pt x 146.27155pt.
 [9 <./figures/pseudopot/photoionH-eps-converted-to.pdf> <./figures/pseudopot/p
hotoionLi-eps-converted-to.pdf> <./figures/dimpot/photoN-eps-converted-to.pdf> 
<./figures/dimpot/photoNe-eps-converted-to.pdf>]

LaTeX Warning: Reference `eq:centralfield-wave' on page 10 undefined on input l
ine 649.


LaTeX Warning: Reference `eq:V' on page 10 undefined on input line 664.


LaTeX Warning: Citation `Schipper1997' on page 10 undefined on input line 667.


LaTeX Warning: Citation `Mura1997' on page 10 undefined on input line 667.


LaTeX Warning: Citation `Jacob2011' on page 10 undefined on input line 667.


LaTeX Warning: Citation `Gaiduk2013' on page 10 undefined on input line 667.


LaTeX Warning: Citation `Schipper1997' on page 10 undefined on input line 671.


LaTeX Warning: Citation `Gaiduk2013' on page 10 undefined on input line 671.


LaTeX Warning: Citation `Schmidt1993' on page 10 undefined on input line 676.


LaTeX Warning: Citation `Gordon2005' on page 10 undefined on input line 676.


LaTeX Warning: Reference `eq:V' on page 10 undefined on input line 677.


LaTeX Warning: Reference `fig:1sCarbon' on page 10 undefined on input line 679.


Package epstopdf Info: Source file: <figures/dimpot/1sCGMSS_BS.eps>
(epstopdf)                    date: 2019-02-26 17:18:07
(epstopdf)                    size: 33729 bytes
(epstopdf)             Output file: <figures/dimpot/1sCGMSS_BS-eps-converted-to
.pdf>
(epstopdf)                    date: 2019-02-26 17:18:58
(epstopdf)                    size: 16718 bytes
(epstopdf)             Command: <repstopdf --outfile=figures/dimpot/1sCGMSS_BS-
eps-converted-to.pdf figures/dimpot/1sCGMSS_BS.eps>
(epstopdf)             \includegraphics on input line 698.
Package epstopdf Info: Output file is already uptodate.


pdfTeX warning: /usr/bin/pdflatex (file ./figures/dimpot/1sCGMSS_BS-eps-convert
ed-to.pdf): PDF inclusion: found PDF version <1.7>, but at most version <1.5> a
llowed

<figures/dimpot/1sCGMSS_BS-eps-converted-to.pdf, id=271, 555.07375pt x 429.605p
t>
File: figures/dimpot/1sCGMSS_BS-eps-converted-to.pdf Graphic file (type pdf)
 <use figures/dimpot/1sCGMSS_BS-eps-converted-to.pdf>
Package pdftex.def Info: figures/dimpot/1sCGMSS_BS-eps-converted-to.pdf used on
 input line 698.
(pdftex.def)             Requested size: 188.99359pt x 146.27155pt.
Package epstopdf Info: Source file: <figures/dimpot/1sC_oscprof.eps>
(epstopdf)                    date: 2019-02-26 17:18:55
(epstopdf)                    size: 29776 bytes
(epstopdf)             Output file: <figures/dimpot/1sC_oscprof-eps-converted-t
o.pdf>
(epstopdf)                    date: 2019-02-26 17:18:58
(epstopdf)                    size: 13911 bytes
(epstopdf)             Command: <repstopdf --outfile=figures/dimpot/1sC_oscprof
-eps-converted-to.pdf figures/dimpot/1sC_oscprof.eps>
(epstopdf)             \includegraphics on input line 700.
Package epstopdf Info: Output file is already uptodate.


pdfTeX warning: /usr/bin/pdflatex (file ./figures/dimpot/1sC_oscprof-eps-conver
ted-to.pdf): PDF inclusion: found PDF version <1.7>, but at most version <1.5> 
allowed

<figures/dimpot/1sC_oscprof-eps-converted-to.pdf, id=272, 565.11125pt x 429.605
pt>
File: figures/dimpot/1sC_oscprof-eps-converted-to.pdf Graphic file (type pdf)
 <use figures/dimpot/1sC_oscprof-eps-converted-to.pdf>
Package pdftex.def Info: figures/dimpot/1sC_oscprof-eps-converted-to.pdf used o
n input line 700.
(pdftex.def)             Requested size: 192.41121pt x 146.27155pt.
 [10 <./figures/dimpot/1sCGMSS_BS-eps-converted-to.pdf> <./figures/dimpot/1sC_o
scprof-eps-converted-to.pdf>]

LaTeX Warning: Reference `eq:oscillation-prof' on page 11 undefined on input li
ne 719.


LaTeX Warning: Reference `fig:1sCarbon' on page 11 undefined on input line 720.



LaTeX Warning: Reference `fig:ch4zeff' on page 11 undefined on input line 736.


LaTeX Warning: Reference `eq:oscillation-prof' on page 11 undefined on input li
ne 742.


LaTeX Warning: Reference `sec:DIM' on page 11 undefined on input line 753.


LaTeX Warning: Reference `eq:atomiczDIM' on page 11 undefined on input line 762
.


LaTeX Warning: Reference `tab:ch4parameters' on page 11 undefined on input line
 765.


LaTeX Warning: Reference `fig:ch4zeff' on page 11 undefined on input line 766.

Package epstopdf Info: Source file: <figures/dimpot/zeff_1sCH4.eps>
(epstopdf)                    date: 2019-02-26 17:43:16
(epstopdf)                    size: 27819 bytes
(epstopdf)             Output file: <figures/dimpot/zeff_1sCH4-eps-converted-to
.pdf>
(epstopdf)                    date: 2019-02-26 17:44:29
(epstopdf)                    size: 13484 bytes
(epstopdf)             Command: <repstopdf --outfile=figures/dimpot/zeff_1sCH4-
eps-converted-to.pdf figures/dimpot/zeff_1sCH4.eps>
(epstopdf)             \includegraphics on input line 772.
Package epstopdf Info: Output file is already uptodate.


pdfTeX warning: /usr/bin/pdflatex (file ./figures/dimpot/zeff_1sCH4-eps-convert
ed-to.pdf): PDF inclusion: found PDF version <1.7>, but at most version <1.5> a
llowed

<figures/dimpot/zeff_1sCH4-eps-converted-to.pdf, id=299, 556.0775pt x 429.605pt
>
File: figures/dimpot/zeff_1sCH4-eps-converted-to.pdf Graphic file (type pdf)
 <use figures/dimpot/zeff_1sCH4-eps-converted-to.pdf>
Package pdftex.def Info: figures/dimpot/zeff_1sCH4-eps-converted-to.pdf used on
 input line 772.
(pdftex.def)             Requested size: 189.33537pt x 146.27155pt.
Package epstopdf Info: Source file: <figures/dimpot/zeff_2sCH4.eps>
(epstopdf)                    date: 2019-02-26 17:43:49
(epstopdf)                    size: 30207 bytes
(epstopdf)             Output file: <figures/dimpot/zeff_2sCH4-eps-converted-to
.pdf>
(epstopdf)                    date: 2019-02-26 17:44:29
(epstopdf)                    size: 13810 bytes
(epstopdf)             Command: <repstopdf --outfile=figures/dimpot/zeff_2sCH4-
eps-converted-to.pdf figures/dimpot/zeff_2sCH4.eps>
(epstopdf)             \includegraphics on input line 774.
Package epstopdf Info: Output file is already uptodate.


pdfTeX warning: /usr/bin/pdflatex (file ./figures/dimpot/zeff_2sCH4-eps-convert
ed-to.pdf): PDF inclusion: found PDF version <1.7>, but at most version <1.5> a
llowed

<figures/dimpot/zeff_2sCH4-eps-converted-to.pdf, id=300, 556.0775pt x 429.605pt
>
File: figures/dimpot/zeff_2sCH4-eps-converted-to.pdf Graphic file (type pdf)
 <use figures/dimpot/zeff_2sCH4-eps-converted-to.pdf>
Package pdftex.def Info: figures/dimpot/zeff_2sCH4-eps-converted-to.pdf used on
 input line 774.
(pdftex.def)             Requested size: 189.33537pt x 146.27155pt.
Package epstopdf Info: Source file: <figures/dimpot/zeff_2pCH4.eps>
(epstopdf)                    date: 2019-02-26 17:44:26
(epstopdf)                    size: 36796 bytes
(epstopdf)             Output file: <figures/dimpot/zeff_2pCH4-eps-converted-to
.pdf>
(epstopdf)                    date: 2019-02-26 17:44:29
(epstopdf)                    size: 17762 bytes
(epstopdf)             Command: <repstopdf --outfile=figures/dimpot/zeff_2pCH4-
eps-converted-to.pdf figures/dimpot/zeff_2pCH4.eps>
(epstopdf)             \includegraphics on input line 777.
Package epstopdf Info: Output file is already uptodate.


pdfTeX warning: /usr/bin/pdflatex (file ./figures/dimpot/zeff_2pCH4-eps-convert
ed-to.pdf): PDF inclusion: found PDF version <1.7>, but at most version <1.5> a
llowed

<figures/dimpot/zeff_2pCH4-eps-converted-to.pdf, id=301, 556.0775pt x 428.60126
pt>
File: figures/dimpot/zeff_2pCH4-eps-converted-to.pdf Graphic file (type pdf)
 <use figures/dimpot/zeff_2pCH4-eps-converted-to.pdf>
Package pdftex.def Info: figures/dimpot/zeff_2pCH4-eps-converted-to.pdf used on
 input line 777.
(pdftex.def)             Requested size: 189.77658pt x 146.27155pt.


LaTeX Warning: Reference `eq:moleculezDIM' on page 11 undefined on input line 8
02.

[11]

LaTeX Warning: Reference `fig:ionch4' on page 12 undefined on input line 823.


LaTeX Warning: Citation `Rudd1983' on page 12 undefined on input line 824.


LaTeX Warning: Citation `Rudd1985' on page 12 undefined on input line 824.


LaTeX Warning: Reference `eq:transition-matrix' on page 12 undefined on input l
ine 827.


LaTeX Warning: Reference `sec:dimmethane' on page 12 undefined on input line 82
8.

Package epstopdf Info: Source file: <figures/dimpot/born_ionch4.eps>
(epstopdf)                    date: 2019-02-18 17:03:24
(epstopdf)                    size: 13231 bytes
(epstopdf)             Output file: <figures/dimpot/born_ionch4-eps-converted-t
o.pdf>
(epstopdf)                    date: 2019-02-18 17:03:27
(epstopdf)                    size: 8527 bytes
(epstopdf)             Command: <repstopdf --outfile=figures/dimpot/born_ionch4
-eps-converted-to.pdf figures/dimpot/born_ionch4.eps>
(epstopdf)             \includegraphics on input line 836.
Package epstopdf Info: Output file is already uptodate.


pdfTeX warning: /usr/bin/pdflatex (file ./figures/dimpot/born_ionch4-eps-conver
ted-to.pdf): PDF inclusion: found PDF version <1.7>, but at most version <1.5> 
allowed

<figures/dimpot/born_ionch4-eps-converted-to.pdf, id=311, 562.1pt x 435.6275pt>
File: figures/dimpot/born_ionch4-eps-converted-to.pdf Graphic file (type pdf)
<use figures/dimpot/born_ionch4-eps-converted-to.pdf>
Package pdftex.def Info: figures/dimpot/born_ionch4-eps-converted-to.pdf used o
n input line 836.
(pdftex.def)             Requested size: 188.73566pt x 146.27155pt.


LaTeX Warning: Citation `Rudd1983' on page 12 undefined on input line 839.


LaTeX Warning: Citation `Rudd1985' on page 12 undefined on input line 839.


LaTeX Warning: Citation `Rudd1983' on page 12 undefined on input line 839.


LaTeX Warning: Citation `Rudd1985' on page 12 undefined on input line 839.

[12 <./figures/dimpot/zeff_1sCH4-eps-converted-to.pdf> <./figures/dimpot/zeff_2
sCH4-eps-converted-to.pdf> <./figures/dimpot/zeff_2pCH4-eps-converted-to.pdf>]

LaTeX Warning: Reference `fig:photoch4' on page 13 undefined on input line 848.



LaTeX Warning: Citation `Lukirskii1964' on page 13 undefined on input line 855.



LaTeX Warning: Citation `Henke1982' on page 13 undefined on input line 855.


LaTeX Warning: Citation `Samson1989' on page 13 undefined on input line 855.


LaTeX Warning: File `photoch4.eps' not found on input line 864.

Package epstopdf Info: Source file: <photoch4.eps>
(epstopdf)             Output file: <photoch4-eps-converted-to.pdf>
(epstopdf)             Command: <repstopdf --outfile=photoch4-eps-converted-to.
pdf photoch4.eps>
(epstopdf)             \includegraphics on input line 864.
Package epstopdf Info: Output file is already uptodate.

! Package pdftex.def Error: File `photoch4-eps-converted-to.pdf' not found.

See the pdftex.def package documentation for explanation.
Type  H <return>  for immediate help.
 ...                                              
                                                  
l.864 ...ics[height=0.23\textheight]{photoch4.eps}
                                                  
Using draft setting for this image.
Try typing  <return>  to proceed.
If that doesn't work, type  X <return>  to quit.


LaTeX Warning: Citation `Lukirskii1964' on page 13 undefined on input line 867.



LaTeX Warning: Citation `Henke1982' on page 13 undefined on input line 867.


LaTeX Warning: Citation `Samson1989' on page 13 undefined on input line 867.


LaTeX Warning: Citation `Lukirskii1964' on page 13 undefined on input line 867.



LaTeX Warning: Citation `Henke1982' on page 13 undefined on input line 867.


LaTeX Warning: Citation `Samson1989' on page 13 undefined on input line 867.

[13 <./figures/dimpot/born_ionch4-eps-converted-to.pdf>] [14]
Package atveryend Info: Empty hook `BeforeClearDocument' on input line 1066.
 [15]
Package atveryend Info: Empty hook `AfterLastShipout' on input line 1066.

(./mendez.aux)
Package atveryend Info: Executing hook `AtVeryEndDocument' on input line 1066.
Package atveryend Info: Executing hook `AtEndAfterFileList' on input line 1066.



Package rerunfilecheck Warning: File `mendez.out' has changed.
(rerunfilecheck)                Rerun to get outlines right
(rerunfilecheck)                or use package `bookmark'.

Package rerunfilecheck Info: Checksums for `mendez.out':
(rerunfilecheck)             Before: <no file>
(rerunfilecheck)             After:  B85D3EF0CA189CC838978B47425A0648;1176.

LaTeX Warning: There were undefined references.


LaTeX Warning: Label(s) may have changed. Rerun to get cross-references right.

Package atveryend Info: Empty hook `AtVeryVeryEnd' on input line 1066.
 ) 
Here is how much of TeX's memory you used:
 7262 strings out of 494966
 105744 string characters out of 6179559
 195797 words of memory out of 5000000
 10258 multiletter control sequences out of 15000+600000
 15374 words of font info for 58 fonts, out of 8000000 for 9000
 44 hyphenation exceptions out of 8191
 29i,11n,35p,324b,437s stack positions out of 5000i,500n,10000p,200000b,80000s
</usr/share/texlive/texmf-dist/fonts/type1/public/amsfonts/cm/cmbsy10.pfb></u
sr/share/texlive/texmf-dist/fonts/type1/public/amsfonts/cm/cmbx10.pfb></usr/sha
re/texlive/texmf-dist/fonts/type1/public/amsfonts/cm/cmbx12.pfb></usr/share/tex
live/texmf-dist/fonts/type1/public/amsfonts/cm/cmbx7.pfb></usr/share/texlive/te
xmf-dist/fonts/type1/public/amsfonts/cm/cmbx9.pfb></usr/share/texlive/texmf-dis
t/fonts/type1/public/amsfonts/cm/cmcsc10.pfb></usr/share/texlive/texmf-dist/fon
ts/type1/public/amsfonts/cm/cmex10.pfb></usr/share/texlive/texmf-dist/fonts/typ
e1/public/amsfonts/cm/cmmi10.pfb></usr/share/texlive/texmf-dist/fonts/type1/pub
lic/amsfonts/cm/cmmi5.pfb></usr/share/texlive/texmf-dist/fonts/type1/public/ams
fonts/cm/cmmi7.pfb></usr/share/texlive/texmf-dist/fonts/type1/public/amsfonts/c
m/cmmib10.pfb></usr/share/texlive/texmf-dist/fonts/type1/public/amsfonts/cm/cmr
10.pfb></usr/share/texlive/texmf-dist/fonts/type1/public/amsfonts/cm/cmr12.pfb>
</usr/share/texlive/texmf-dist/fonts/type1/public/amsfonts/cm/cmr17.pfb></usr/s
hare/texlive/texmf-dist/fonts/type1/public/amsfonts/cm/cmr5.pfb></usr/share/tex
live/texmf-dist/fonts/type1/public/amsfonts/cm/cmr7.pfb></usr/share/texlive/tex
mf-dist/fonts/type1/public/amsfonts/cm/cmr9.pfb></usr/share/texlive/texmf-dist/
fonts/type1/public/amsfonts/cm/cmsy10.pfb></usr/share/texlive/texmf-dist/fonts/
type1/public/amsfonts/cm/cmsy7.pfb></usr/share/texlive/texmf-dist/fonts/type1/p
ublic/amsfonts/cm/cmti10.pfb></usr/share/texlive/texmf-dist/fonts/type1/public/
amsfonts/cm/cmtt10.pfb></usr/share/texlive/texmf-dist/fonts/type1/public/amsfon
ts/symbols/msbm10.pfb>
Output written on mendez.pdf (15 pages, 530855 bytes).
PDF statistics:
 488 PDF objects out of 1000 (max. 8388607)
 376 compressed objects within 4 object streams
 107 named destinations out of 1000 (max. 500000)
 121 words of extra memory for PDF output out of 10000 (max. 10000000)

