This is pdfTeX, Version 3.14159265-2.6-1.40.18 (TeX Live 2017/Debian) (preloaded format=pdflatex 2019.3.4)  13 APR 2019 11:34
entering extended mode
 restricted \write18 enabled.
 %&-line parsing enabled.
**diff1.tex
(./diff1.tex
LaTeX2e <2017-04-15>
Babel <3.18> and hyphenation patterns for 3 language(s) loaded.
(/usr/share/texlive/texmf-dist/tex/latex/base/article.cls
Document Class: article 2014/09/29 v1.4h Standard LaTeX document class
(/usr/share/texlive/texmf-dist/tex/latex/base/size10.clo
File: size10.clo 2014/09/29 v1.4h Standard LaTeX file (size option)
)
\c@part=\count79
\c@section=\count80
\c@subsection=\count81
\c@subsubsection=\count82
\c@paragraph=\count83
\c@subparagraph=\count84
\c@figure=\count85
\c@table=\count86
\abovecaptionskip=\skip41
\belowcaptionskip=\skip42
\bibindent=\dimen102
)
(/usr/share/texlive/texmf-dist/tex/latex/amsmath/amsmath.sty
Package: amsmath 2017/09/02 v2.17a AMS math features
\@mathmargin=\skip43

For additional information on amsmath, use the `?' option.
(/usr/share/texlive/texmf-dist/tex/latex/amsmath/amstext.sty
Package: amstext 2000/06/29 v2.01 AMS text

(/usr/share/texlive/texmf-dist/tex/latex/amsmath/amsgen.sty
File: amsgen.sty 1999/11/30 v2.0 generic functions
\@emptytoks=\toks14
\ex@=\dimen103
))
(/usr/share/texlive/texmf-dist/tex/latex/amsmath/amsbsy.sty
Package: amsbsy 1999/11/29 v1.2d Bold Symbols
\pmbraise@=\dimen104
)
(/usr/share/texlive/texmf-dist/tex/latex/amsmath/amsopn.sty
Package: amsopn 2016/03/08 v2.02 operator names
)
\inf@bad=\count87
LaTeX Info: Redefining \frac on input line 213.
\uproot@=\count88
\leftroot@=\count89
LaTeX Info: Redefining \overline on input line 375.
\classnum@=\count90
\DOTSCASE@=\count91
LaTeX Info: Redefining \ldots on input line 472.
LaTeX Info: Redefining \dots on input line 475.
LaTeX Info: Redefining \cdots on input line 596.
\Mathstrutbox@=\box26
\strutbox@=\box27
\big@size=\dimen105
LaTeX Font Info:    Redeclaring font encoding OML on input line 712.
LaTeX Font Info:    Redeclaring font encoding OMS on input line 713.
\macc@depth=\count92
\c@MaxMatrixCols=\count93
\dotsspace@=\muskip10
\c@parentequation=\count94
\dspbrk@lvl=\count95
\tag@help=\toks15
\row@=\count96
\column@=\count97
\maxfields@=\count98
\andhelp@=\toks16
\eqnshift@=\dimen106
\alignsep@=\dimen107
\tagshift@=\dimen108
\tagwidth@=\dimen109
\totwidth@=\dimen110
\lineht@=\dimen111
\@envbody=\toks17
\multlinegap=\skip44
\multlinetaggap=\skip45
\mathdisplay@stack=\toks18
LaTeX Info: Redefining \[ on input line 2817.
LaTeX Info: Redefining \] on input line 2818.
)
(/usr/share/texlive/texmf-dist/tex/latex/amsfonts/amssymb.sty
Package: amssymb 2013/01/14 v3.01 AMS font symbols

(/usr/share/texlive/texmf-dist/tex/latex/amsfonts/amsfonts.sty
Package: amsfonts 2013/01/14 v3.01 Basic AMSFonts support
\symAMSa=\mathgroup4
\symAMSb=\mathgroup5
LaTeX Font Info:    Overwriting math alphabet `\mathfrak' in version `bold'
(Font)                  U/euf/m/n --> U/euf/b/n on input line 106.
))
(/usr/share/texlive/texmf-dist/tex/latex/graphics/graphicx.sty
Package: graphicx 2017/06/01 v1.1a Enhanced LaTeX Graphics (DPC,SPQR)

(/usr/share/texlive/texmf-dist/tex/latex/graphics/keyval.sty
Package: keyval 2014/10/28 v1.15 key=value parser (DPC)
\KV@toks@=\toks19
)
(/usr/share/texlive/texmf-dist/tex/latex/graphics/graphics.sty
Package: graphics 2017/06/25 v1.2c Standard LaTeX Graphics (DPC,SPQR)

(/usr/share/texlive/texmf-dist/tex/latex/graphics/trig.sty
Package: trig 2016/01/03 v1.10 sin cos tan (DPC)
)
(/usr/share/texlive/texmf-dist/tex/latex/graphics-cfg/graphics.cfg
File: graphics.cfg 2016/06/04 v1.11 sample graphics configuration
)
Package graphics Info: Driver file: pdftex.def on input line 99.

(/usr/share/texlive/texmf-dist/tex/latex/graphics-def/pdftex.def
File: pdftex.def 2018/01/08 v1.0l Graphics/color driver for pdftex
))
\Gin@req@height=\dimen112
\Gin@req@width=\dimen113
)
(./authblk.sty
Package: authblk 2001/02/27 1.3 (PWD)
\affilsep=\skip46
\@affilsep=\skip47
\c@Maxaffil=\count99
\c@authors=\count100
\c@affil=\count101
) (/usr/share/texlive/texmf-dist/tex/latex/float/float.sty
Package: float 2001/11/08 v1.3d Float enhancements (AL)
\c@float@type=\count102
\float@exts=\toks20
\float@box=\box28
\@float@everytoks=\toks21
\@floatcapt=\box29
)
(/usr/share/texlive/texmf-dist/tex/latex/xcolor/xcolor.sty
Package: xcolor 2016/05/11 v2.12 LaTeX color extensions (UK)

(/usr/share/texlive/texmf-dist/tex/latex/graphics-cfg/color.cfg
File: color.cfg 2016/01/02 v1.6 sample color configuration
)
Package xcolor Info: Driver file: pdftex.def on input line 225.
Package xcolor Info: Model `cmy' substituted by `cmy0' on input line 1348.
Package xcolor Info: Model `hsb' substituted by `rgb' on input line 1352.
Package xcolor Info: Model `RGB' extended on input line 1364.
Package xcolor Info: Model `HTML' substituted by `rgb' on input line 1366.
Package xcolor Info: Model `Hsb' substituted by `hsb' on input line 1367.
Package xcolor Info: Model `tHsb' substituted by `hsb' on input line 1368.
Package xcolor Info: Model `HSB' substituted by `hsb' on input line 1369.
Package xcolor Info: Model `Gray' substituted by `gray' on input line 1370.
Package xcolor Info: Model `wave' substituted by `hsb' on input line 1371.
)
(/usr/share/texlive/texmf-dist/tex/latex/geometry/geometry.sty
Package: geometry 2010/09/12 v5.6 Page Geometry

(/usr/share/texlive/texmf-dist/tex/generic/oberdiek/ifpdf.sty
Package: ifpdf 2017/03/15 v3.2 Provides the ifpdf switch
)
(/usr/share/texlive/texmf-dist/tex/generic/oberdiek/ifvtex.sty
Package: ifvtex 2016/05/16 v1.6 Detect VTeX and its facilities (HO)
Package ifvtex Info: VTeX not detected.
)
(/usr/share/texlive/texmf-dist/tex/generic/ifxetex/ifxetex.sty
Package: ifxetex 2010/09/12 v0.6 Provides ifxetex conditional
)
\Gm@cnth=\count103
\Gm@cntv=\count104
\c@Gm@tempcnt=\count105
\Gm@bindingoffset=\dimen114
\Gm@wd@mp=\dimen115
\Gm@odd@mp=\dimen116
\Gm@even@mp=\dimen117
\Gm@layoutwidth=\dimen118
\Gm@layoutheight=\dimen119
\Gm@layouthoffset=\dimen120
\Gm@layoutvoffset=\dimen121
\Gm@dimlist=\toks22
)
(/usr/share/texlive/texmf-dist/tex/latex/hyperref/hyperref.sty
Package: hyperref 2018/02/06 v6.86b Hypertext links for LaTeX

(/usr/share/texlive/texmf-dist/tex/generic/oberdiek/hobsub-hyperref.sty
Package: hobsub-hyperref 2016/05/16 v1.14 Bundle oberdiek, subset hyperref (HO)


(/usr/share/texlive/texmf-dist/tex/generic/oberdiek/hobsub-generic.sty
Package: hobsub-generic 2016/05/16 v1.14 Bundle oberdiek, subset generic (HO)
Package: hobsub 2016/05/16 v1.14 Construct package bundles (HO)
Package: infwarerr 2016/05/16 v1.4 Providing info/warning/error messages (HO)
Package: ltxcmds 2016/05/16 v1.23 LaTeX kernel commands for general use (HO)
Package: ifluatex 2016/05/16 v1.4 Provides the ifluatex switch (HO)
Package ifluatex Info: LuaTeX not detected.
Package hobsub Info: Skipping package `ifvtex' (already loaded).
Package: intcalc 2016/05/16 v1.2 Expandable calculations with integers (HO)
Package hobsub Info: Skipping package `ifpdf' (already loaded).
Package: etexcmds 2016/05/16 v1.6 Avoid name clashes with e-TeX commands (HO)
Package etexcmds Info: Could not find \expanded.
(etexcmds)             That can mean that you are not using pdfTeX 1.50 or
(etexcmds)             that some package has redefined \expanded.
(etexcmds)             In the latter case, load this package earlier.
Package: kvsetkeys 2016/05/16 v1.17 Key value parser (HO)
Package: kvdefinekeys 2016/05/16 v1.4 Define keys (HO)
Package: pdftexcmds 2018/01/21 v0.26 Utility functions of pdfTeX for LuaTeX (HO
)
Package pdftexcmds Info: LuaTeX not detected.
Package pdftexcmds Info: \pdf@primitive is available.
Package pdftexcmds Info: \pdf@ifprimitive is available.
Package pdftexcmds Info: \pdfdraftmode found.
Package: pdfescape 2016/05/16 v1.14 Implements pdfTeX's escape features (HO)
Package: bigintcalc 2016/05/16 v1.4 Expandable calculations on big integers (HO
)
Package: bitset 2016/05/16 v1.2 Handle bit-vector datatype (HO)
Package: uniquecounter 2016/05/16 v1.3 Provide unlimited unique counter (HO)
)
Package hobsub Info: Skipping package `hobsub' (already loaded).
Package: letltxmacro 2016/05/16 v1.5 Let assignment for LaTeX macros (HO)
Package: hopatch 2016/05/16 v1.3 Wrapper for package hooks (HO)
Package: xcolor-patch 2016/05/16 xcolor patch
Package: atveryend 2016/05/16 v1.9 Hooks at the very end of document (HO)
Package atveryend Info: \enddocument detected (standard20110627).
Package: atbegshi 2016/06/09 v1.18 At begin shipout hook (HO)
Package: refcount 2016/05/16 v3.5 Data extraction from label references (HO)
Package: hycolor 2016/05/16 v1.8 Color options for hyperref/bookmark (HO)
)
(/usr/share/texlive/texmf-dist/tex/latex/oberdiek/auxhook.sty
Package: auxhook 2016/05/16 v1.4 Hooks for auxiliary files (HO)
)
(/usr/share/texlive/texmf-dist/tex/latex/oberdiek/kvoptions.sty
Package: kvoptions 2016/05/16 v3.12 Key value format for package options (HO)
)
\@linkdim=\dimen122
\Hy@linkcounter=\count106
\Hy@pagecounter=\count107

(/usr/share/texlive/texmf-dist/tex/latex/hyperref/pd1enc.def
File: pd1enc.def 2018/02/06 v6.86b Hyperref: PDFDocEncoding definition (HO)
)
\Hy@SavedSpaceFactor=\count108

(/usr/share/texlive/texmf-dist/tex/latex/latexconfig/hyperref.cfg
File: hyperref.cfg 2002/06/06 v1.2 hyperref configuration of TeXLive
)
Package hyperref Info: Hyper figures OFF on input line 4509.
Package hyperref Info: Link nesting OFF on input line 4514.
Package hyperref Info: Hyper index ON on input line 4517.
Package hyperref Info: Plain pages OFF on input line 4524.
Package hyperref Info: Backreferencing OFF on input line 4529.
Package hyperref Info: Implicit mode ON; LaTeX internals redefined.
Package hyperref Info: Bookmarks ON on input line 4762.
\c@Hy@tempcnt=\count109

(/usr/share/texlive/texmf-dist/tex/latex/url/url.sty
\Urlmuskip=\muskip11
Package: url 2013/09/16  ver 3.4  Verb mode for urls, etc.
)
LaTeX Info: Redefining \url on input line 5115.
\XeTeXLinkMargin=\dimen123
\Fld@menulength=\count110
\Field@Width=\dimen124
\Fld@charsize=\dimen125
Package hyperref Info: Hyper figures OFF on input line 6369.
Package hyperref Info: Link nesting OFF on input line 6374.
Package hyperref Info: Hyper index ON on input line 6377.
Package hyperref Info: backreferencing OFF on input line 6384.
Package hyperref Info: Link coloring OFF on input line 6389.
Package hyperref Info: Link coloring with OCG OFF on input line 6394.
Package hyperref Info: PDF/A mode OFF on input line 6399.
LaTeX Info: Redefining \ref on input line 6439.
LaTeX Info: Redefining \pageref on input line 6443.
\Hy@abspage=\count111
\c@Item=\count112
\c@Hfootnote=\count113
)
Package hyperref Info: Driver (autodetected): hpdftex.

(/usr/share/texlive/texmf-dist/tex/latex/hyperref/hpdftex.def
File: hpdftex.def 2018/02/06 v6.86b Hyperref driver for pdfTeX
\Fld@listcount=\count114
\c@bookmark@seq@number=\count115

(/usr/share/texlive/texmf-dist/tex/latex/oberdiek/rerunfilecheck.sty
Package: rerunfilecheck 2016/05/16 v1.8 Rerun checks for auxiliary files (HO)
Package uniquecounter Info: New unique counter `rerunfilecheck' on input line 2
82.
)
\Hy@SectionHShift=\skip48
)
(/usr/share/texlive/texmf-dist/tex/generic/ulem/ulem.sty
\UL@box=\box30
\UL@hyphenbox=\box31
\UL@skip=\skip49
\UL@hook=\toks23
\UL@height=\dimen126
\UL@pe=\count116
\UL@pixel=\dimen127
\ULC@box=\box32
Package: ulem 2012/05/18
\ULdepth=\dimen128
)
(/usr/share/texlive/texmf-dist/tex/latex/oberdiek/settobox.sty
Package: settobox 2016/05/16 v1.5 Assign box dimensions to length registers (HO
)
)
\DIFdelgraphicsbox=\box33
\DIFdelgraphicswidth=\skip50
\DIFdelgraphicsheight=\skip51
LaTeX Info: Redefining \DIFaddbegin on input line 70.
LaTeX Info: Redefining \DIFaddend on input line 71.
LaTeX Info: Redefining \DIFdelbegin on input line 72.
LaTeX Info: Redefining \DIFdelend on input line 73.
LaTeX Info: Redefining \DIFaddbeginFL on input line 78.
LaTeX Info: Redefining \DIFaddendFL on input line 79.
LaTeX Info: Redefining \DIFdelbeginFL on input line 80.
LaTeX Info: Redefining \DIFdelendFL on input line 81.
 (./diff1.aux)
\openout1 = `diff1.aux'.

LaTeX Font Info:    Checking defaults for OML/cmm/m/it on input line 84.
LaTeX Font Info:    ... okay on input line 84.
LaTeX Font Info:    Checking defaults for T1/cmr/m/n on input line 84.
LaTeX Font Info:    ... okay on input line 84.
LaTeX Font Info:    Checking defaults for OT1/cmr/m/n on input line 84.
LaTeX Font Info:    ... okay on input line 84.
LaTeX Font Info:    Checking defaults for OMS/cmsy/m/n on input line 84.
LaTeX Font Info:    ... okay on input line 84.
LaTeX Font Info:    Checking defaults for OMX/cmex/m/n on input line 84.
LaTeX Font Info:    ... okay on input line 84.
LaTeX Font Info:    Checking defaults for U/cmr/m/n on input line 84.
LaTeX Font Info:    ... okay on input line 84.
LaTeX Font Info:    Checking defaults for PD1/pdf/m/n on input line 84.
LaTeX Font Info:    ... okay on input line 84.

(/usr/share/texlive/texmf-dist/tex/context/base/mkii/supp-pdf.mkii
[Loading MPS to PDF converter (version 2006.09.02).]
\scratchcounter=\count117
\scratchdimen=\dimen129
\scratchbox=\box34
\nofMPsegments=\count118
\nofMParguments=\count119
\everyMPshowfont=\toks24
\MPscratchCnt=\count120
\MPscratchDim=\dimen130
\MPnumerator=\count121
\makeMPintoPDFobject=\count122
\everyMPtoPDFconversion=\toks25
) (/usr/share/texlive/texmf-dist/tex/latex/oberdiek/epstopdf-base.sty
Package: epstopdf-base 2016/05/15 v2.6 Base part for package epstopdf

(/usr/share/texlive/texmf-dist/tex/latex/oberdiek/grfext.sty
Package: grfext 2016/05/16 v1.2 Manage graphics extensions (HO)
)
Package epstopdf-base Info: Redefining graphics rule for `.eps' on input line 4
38.
Package grfext Info: Graphics extension search list:
(grfext)             [.pdf,.png,.jpg,.mps,.jpeg,.jbig2,.jb2,.PDF,.PNG,.JPG,.JPE
G,.JBIG2,.JB2,.eps]
(grfext)             \AppendGraphicsExtensions on input line 456.

(/usr/share/texlive/texmf-dist/tex/latex/latexconfig/epstopdf-sys.cfg
File: epstopdf-sys.cfg 2010/07/13 v1.3 Configuration of (r)epstopdf for TeX Liv
e
))
*geometry* driver: auto-detecting
*geometry* detected driver: pdftex
*geometry* verbose mode - [ preamble ] result:
* driver: pdftex
* paper: <default>
* layout: <same size as paper>
* layoutoffset:(h,v)=(0.0pt,0.0pt)
* modes: 
* h-part:(L,W,R)=(79.49744pt, 455.30013pt, 79.49744pt)
* v-part:(T,H,B)=(79.49744pt, 635.97511pt, 79.49744pt)
* \paperwidth=614.295pt
* \paperheight=794.96999pt
* \textwidth=455.30013pt
* \textheight=635.97511pt
* \oddsidemargin=7.22745pt
* \evensidemargin=7.22745pt
* \topmargin=-29.77255pt
* \headheight=12.0pt
* \headsep=25.0pt
* \topskip=10.0pt
* \footskip=30.0pt
* \marginparwidth=65.0pt
* \marginparsep=11.0pt
* \columnsep=10.0pt
* \skip\footins=9.0pt plus 4.0pt minus 2.0pt
* \hoffset=0.0pt
* \voffset=0.0pt
* \mag=1000
* \@twocolumnfalse
* \@twosidefalse
* \@mparswitchfalse
* \@reversemarginfalse
* (1in=72.27pt=25.4mm, 1cm=28.453pt)

\AtBeginShipoutBox=\box35
Package hyperref Info: Link coloring OFF on input line 84.
(/usr/share/texlive/texmf-dist/tex/latex/hyperref/nameref.sty
Package: nameref 2016/05/21 v2.44 Cross-referencing by name of section

(/usr/share/texlive/texmf-dist/tex/generic/oberdiek/gettitlestring.sty
Package: gettitlestring 2016/05/16 v1.5 Cleanup title references (HO)
)
\c@section@level=\count123
)
LaTeX Info: Redefining \ref on input line 84.
LaTeX Info: Redefining \pageref on input line 84.
LaTeX Info: Redefining \nameref on input line 84.

(./diff1.out) (./diff1.out)
\@outlinefile=\write3
\openout3 = `diff1.out'.

LaTeX Font Info:    Try loading font information for U+msa on input line 100.

(/usr/share/texlive/texmf-dist/tex/latex/amsfonts/umsa.fd
File: umsa.fd 2013/01/14 v3.01 AMS symbols A
)
LaTeX Font Info:    Try loading font information for U+msb on input line 100.

(/usr/share/texlive/texmf-dist/tex/latex/amsfonts/umsb.fd
File: umsb.fd 2013/01/14 v3.01 AMS symbols B
) (./diff1.toc)
\tf@toc=\write4
\openout4 = `diff1.toc'.


[1

{/var/lib/texmf/fonts/map/pdftex/updmap/pdftex.map}]
Overfull \hbox (2.14507pt too wide) in paragraph at lines 163--175
[]|   []   |   []   |   []   |   []   |   []   |   []   |   []   |   []   |   [
]   |   []   |   []   [][]|   []   |   []   |   []
 []


Overfull \hbox (7.75494pt too wide) in paragraph at lines 176--204
[]\OT1/cmr/m/n/10 In the present work, we []|   []   |   []   |   []   |   []  
 |   []   |   []   |   []   |   []   |   []   |   []   |   []
 []


Overfull \hbox (9.36627pt too wide) in paragraph at lines 205--219
|   []   |   []   |   []   |   []   |   []   |   []   |   []   |   []   |   [] 
  |   []   |   []   |   []
 []


Overfull \hbox (29.74127pt too wide) in paragraph at lines 222--234
|   []   |   []   |   []   |   []   |   []   |   []   [][]|   []   |   [][] []|
   []   |   []   |   []   |   []
 []

[2]

Package hyperref Warning: Token not allowed in a PDF string (PDFDocEncoding):
(hyperref)                removing `\<let>-command' on input line 239.


Package hyperref Warning: Token not allowed in a PDF string (PDFDocEncoding):
(hyperref)                removing `\includegraphics' on input line 239.


Package hyperref Warning: Token not allowed in a PDF string (PDFDocEncoding):
(hyperref)                removing `\DIFdelincludegraphics' on input line 239.


Package hyperref Warning: Token not allowed in a PDF string (PDFDocEncoding):
(hyperref)                removing `\<let>-command' on input line 239.


Package hyperref Warning: Token not allowed in a PDF string (PDFDocEncoding):
(hyperref)                removing `\includegraphics' on input line 239.


Package hyperref Warning: Token not allowed in a PDF string (PDFDocEncoding):
(hyperref)                removing `\new@ifnextchar' on input line 239.


Package hyperref Warning: Token not allowed in a PDF string (PDFDocEncoding):
(hyperref)                removing `\<let>-command' on input line 239.


Package hyperref Warning: Token not allowed in a PDF string (PDFDocEncoding):
(hyperref)                removing `\includegraphics' on input line 239.


Package hyperref Warning: Token not allowed in a PDF string (PDFDocEncoding):
(hyperref)                removing `\DIFaddincludegraphics' on input line 239.


Package hyperref Warning: Token not allowed in a PDF string (PDFDocEncoding):
(hyperref)                removing `\<let>-command' on input line 239.


Package hyperref Warning: Token not allowed in a PDF string (PDFDocEncoding):
(hyperref)                removing `\includegraphics' on input line 239.


Package hyperref Warning: Token not allowed in a PDF string (PDFDocEncoding):
(hyperref)                removing `\new@ifnextchar' on input line 239.

Package epstopdf Info: Source file: <figures/pseudopot/pseudopotAr.eps>
(epstopdf)                    date: 2019-04-13 09:26:31
(epstopdf)                    size: 31152 bytes
(epstopdf)             Output file: <figures/pseudopot/pseudopotAr-eps-converte
d-to.pdf>
(epstopdf)                    date: 2019-04-13 09:26:31
(epstopdf)                    size: 11668 bytes
(epstopdf)             Command: <repstopdf --outfile=figures/pseudopot/pseudopo
tAr-eps-converted-to.pdf figures/pseudopot/pseudopotAr.eps>
(epstopdf)             \includegraphics on input line 281.
Package epstopdf Info: Output file is already uptodate.


pdfTeX warning: pdflatex (file ./figures/pseudopot/pseudopotAr-eps-converted-to
.pdf): PDF inclusion: found PDF version <1.7>, but at most version <1.5> allowe
d
<figures/pseudopot/pseudopotAr-eps-converted-to.pdf, id=145, 575.14874pt x 428.
60126pt>
File: figures/pseudopot/pseudopotAr-eps-converted-to.pdf Graphic file (type pdf
)
<use figures/pseudopot/pseudopotAr-eps-converted-to.pdf>
Package pdftex.def Info: figures/pseudopot/pseudopotAr-eps-converted-to.pdf  us
ed on input line 281.
(pdftex.def)             Requested size: 196.28517pt x 146.27155pt.
Package epstopdf Info: Source file: <figures/pseudopot/pseudofuncAr.eps>
(epstopdf)                    date: 2019-04-13 09:26:31
(epstopdf)                    size: 39436 bytes
(epstopdf)             Output file: <figures/pseudopot/pseudofuncAr-eps-convert
ed-to.pdf>
(epstopdf)                    date: 2019-04-13 09:26:31
(epstopdf)                    size: 16580 bytes
(epstopdf)             Command: <repstopdf --outfile=figures/pseudopot/pseudofu
ncAr-eps-converted-to.pdf figures/pseudopot/pseudofuncAr.eps>
(epstopdf)             \includegraphics on input line 283.
Package epstopdf Info: Output file is already uptodate.


pdfTeX warning: pdflatex (file ./figures/pseudopot/pseudofuncAr-eps-converted-t
o.pdf): PDF inclusion: found PDF version <1.7>, but at most version <1.5> allow
ed
<figures/pseudopot/pseudofuncAr-eps-converted-to.pdf, id=146, 565.11125pt x 436
.63126pt>
File: figures/pseudopot/pseudofuncAr-eps-converted-to.pdf Graphic file (type pd
f)
<use figures/pseudopot/pseudofuncAr-eps-converted-to.pdf>
Package pdftex.def Info: figures/pseudopot/pseudofuncAr-eps-converted-to.pdf  u
sed on input line 283.
(pdftex.def)             Requested size: 189.30696pt x 146.27155pt.
[3 <./figures/pseudopot/pseudopotAr-eps-converted-to.pdf> <./figures/pseudopot/
pseudofuncAr-eps-converted-to.pdf>]
Package epstopdf Info: Source file: <figures/pseudopot/ZLi.eps>
(epstopdf)                    date: 2019-04-13 09:26:31
(epstopdf)                    size: 35064 bytes
(epstopdf)             Output file: <figures/pseudopot/ZLi-eps-converted-to.pdf
>
(epstopdf)                    date: 2019-04-13 09:26:31
(epstopdf)                    size: 13506 bytes
(epstopdf)             Command: <repstopdf --outfile=figures/pseudopot/ZLi-eps-
converted-to.pdf figures/pseudopot/ZLi.eps>
(epstopdf)             \includegraphics on input line 329.
Package epstopdf Info: Output file is already uptodate.


pdfTeX warning: pdflatex (file ./figures/pseudopot/ZLi-eps-converted-to.pdf): P
DF inclusion: found PDF version <1.7>, but at most version <1.5> allowed
<figures/pseudopot/ZLi-eps-converted-to.pdf, id=187, 560.0925pt x 428.60126pt>
File: figures/pseudopot/ZLi-eps-converted-to.pdf Graphic file (type pdf)
<use figures/pseudopot/ZLi-eps-converted-to.pdf>
Package pdftex.def Info: figures/pseudopot/ZLi-eps-converted-to.pdf  used on in
put line 329.
(pdftex.def)             Requested size: 191.14682pt x 146.27155pt.
Package epstopdf Info: Source file: <figures/pseudopot/ZLik.eps>
(epstopdf)                    date: 2019-04-13 09:26:31
(epstopdf)                    size: 58315 bytes
(epstopdf)             Output file: <figures/pseudopot/ZLik-eps-converted-to.pd
f>
(epstopdf)                    date: 2019-04-13 09:26:31
(epstopdf)                    size: 22265 bytes
(epstopdf)             Command: <repstopdf --outfile=figures/pseudopot/ZLik-eps
-converted-to.pdf figures/pseudopot/ZLik.eps>
(epstopdf)             \includegraphics on input line 331.
Package epstopdf Info: Output file is already uptodate.


pdfTeX warning: pdflatex (file ./figures/pseudopot/ZLik-eps-converted-to.pdf): 
PDF inclusion: found PDF version <1.7>, but at most version <1.5> allowed
<figures/pseudopot/ZLik-eps-converted-to.pdf, id=188, 566.115pt x 428.60126pt>
File: figures/pseudopot/ZLik-eps-converted-to.pdf Graphic file (type pdf)
<use figures/pseudopot/ZLik-eps-converted-to.pdf>
Package pdftex.def Info: figures/pseudopot/ZLik-eps-converted-to.pdf  used on i
nput line 331.
(pdftex.def)             Requested size: 193.20216pt x 146.27155pt.
Package epstopdf Info: Source file: <figures/pseudopot/funcLi.eps>
(epstopdf)                    date: 2019-04-13 09:26:31
(epstopdf)                    size: 44552 bytes
(epstopdf)             Output file: <figures/pseudopot/funcLi-eps-converted-to.
pdf>
(epstopdf)                    date: 2019-04-13 09:26:31
(epstopdf)                    size: 18408 bytes
(epstopdf)             Command: <repstopdf --outfile=figures/pseudopot/funcLi-e
ps-converted-to.pdf figures/pseudopot/funcLi.eps>
(epstopdf)             \includegraphics on input line 366.
Package epstopdf Info: Output file is already uptodate.


pdfTeX warning: pdflatex (file ./figures/pseudopot/funcLi-eps-converted-to.pdf)
: PDF inclusion: found PDF version <1.7>, but at most version <1.5> allowed
<figures/pseudopot/funcLi-eps-converted-to.pdf, id=191, 568.1225pt x 428.60126p
t>
File: figures/pseudopot/funcLi-eps-converted-to.pdf Graphic file (type pdf)
<use figures/pseudopot/funcLi-eps-converted-to.pdf>
Package pdftex.def Info: figures/pseudopot/funcLi-eps-converted-to.pdf  used on
 input line 366.
(pdftex.def)             Requested size: 193.88727pt x 146.27155pt.
Package epstopdf Info: Source file: <figures/pseudopot/funckLi.eps>
(epstopdf)                    date: 2019-04-13 09:26:31
(epstopdf)                    size: 50318 bytes
(epstopdf)             Output file: <figures/pseudopot/funckLi-eps-converted-to
.pdf>
(epstopdf)                    date: 2019-04-13 09:26:31
(epstopdf)                    size: 19662 bytes
(epstopdf)             Command: <repstopdf --outfile=figures/pseudopot/funckLi-
eps-converted-to.pdf figures/pseudopot/funckLi.eps>
(epstopdf)             \includegraphics on input line 368.
Package epstopdf Info: Output file is already uptodate.


pdfTeX warning: pdflatex (file ./figures/pseudopot/funckLi-eps-converted-to.pdf
): PDF inclusion: found PDF version <1.7>, but at most version <1.5> allowed
<figures/pseudopot/funckLi-eps-converted-to.pdf, id=192, 561.09625pt x 428.6012
6pt>
File: figures/pseudopot/funckLi-eps-converted-to.pdf Graphic file (type pdf)
<use figures/pseudopot/funckLi-eps-converted-to.pdf>
Package pdftex.def Info: figures/pseudopot/funckLi-eps-converted-to.pdf  used o
n input line 368.
(pdftex.def)             Requested size: 191.48938pt x 146.27155pt.
[4 <./figures/pseudopot/ZLi-eps-converted-to.pdf> <./figures/pseudopot/ZLik-eps
-converted-to.pdf>]
Package epstopdf Info: Source file: <figures/pseudopot/LicontA.eps>
(epstopdf)                    date: 2019-04-13 09:26:31
(epstopdf)                    size: 28364 bytes
(epstopdf)             Output file: <figures/pseudopot/LicontA-eps-converted-to
.pdf>
(epstopdf)                    date: 2019-04-13 09:26:31
(epstopdf)                    size: 12605 bytes
(epstopdf)             Command: <repstopdf --outfile=figures/pseudopot/LicontA-
eps-converted-to.pdf figures/pseudopot/LicontA.eps>
(epstopdf)             \includegraphics on input line 401.
Package epstopdf Info: Output file is already uptodate.


pdfTeX warning: pdflatex (file ./figures/pseudopot/LicontA-eps-converted-to.pdf
): PDF inclusion: found PDF version <1.7>, but at most version <1.5> allowed
<figures/pseudopot/LicontA-eps-converted-to.pdf, id=221, 555.07375pt x 428.6012
6pt>
File: figures/pseudopot/LicontA-eps-converted-to.pdf Graphic file (type pdf)
<use figures/pseudopot/LicontA-eps-converted-to.pdf>
Package pdftex.def Info: figures/pseudopot/LicontA-eps-converted-to.pdf  used o
n input line 401.
(pdftex.def)             Requested size: 189.43402pt x 146.27155pt.
Package epstopdf Info: Source file: <figures/pseudopot/LicontB.eps>
(epstopdf)                    date: 2019-04-13 09:26:31
(epstopdf)                    size: 19166 bytes
(epstopdf)             Output file: <figures/pseudopot/LicontB-eps-converted-to
.pdf>
(epstopdf)                    date: 2019-04-13 09:26:31
(epstopdf)                    size: 9632 bytes
(epstopdf)             Command: <repstopdf --outfile=figures/pseudopot/LicontB-
eps-converted-to.pdf figures/pseudopot/LicontB.eps>
(epstopdf)             \includegraphics on input line 403.
Package epstopdf Info: Output file is already uptodate.


pdfTeX warning: pdflatex (file ./figures/pseudopot/LicontB-eps-converted-to.pdf
): PDF inclusion: found PDF version <1.7>, but at most version <1.5> allowed
<figures/pseudopot/LicontB-eps-converted-to.pdf, id=222, 493.845pt x 428.60126p
t>
File: figures/pseudopot/LicontB-eps-converted-to.pdf Graphic file (type pdf)
<use figures/pseudopot/LicontB-eps-converted-to.pdf>
Package pdftex.def Info: figures/pseudopot/LicontB-eps-converted-to.pdf  used o
n input line 403.
(pdftex.def)             Requested size: 168.53804pt x 146.27155pt.

Package hyperref Warning: Token not allowed in a PDF string (PDFDocEncoding):
(hyperref)                removing `\<let>-command' on input line 412.


Package hyperref Warning: Token not allowed in a PDF string (PDFDocEncoding):
(hyperref)                removing `\includegraphics' on input line 412.


Package hyperref Warning: Token not allowed in a PDF string (PDFDocEncoding):
(hyperref)                removing `\DIFdelincludegraphics' on input line 412.


Package hyperref Warning: Token not allowed in a PDF string (PDFDocEncoding):
(hyperref)                removing `\<let>-command' on input line 412.


Package hyperref Warning: Token not allowed in a PDF string (PDFDocEncoding):
(hyperref)                removing `\includegraphics' on input line 412.


Package hyperref Warning: Token not allowed in a PDF string (PDFDocEncoding):
(hyperref)                removing `\new@ifnextchar' on input line 412.


Package hyperref Warning: Token not allowed in a PDF string (PDFDocEncoding):
(hyperref)                removing `\<let>-command' on input line 412.


Package hyperref Warning: Token not allowed in a PDF string (PDFDocEncoding):
(hyperref)                removing `\includegraphics' on input line 412.


Package hyperref Warning: Token not allowed in a PDF string (PDFDocEncoding):
(hyperref)                removing `\DIFaddincludegraphics' on input line 412.


Package hyperref Warning: Token not allowed in a PDF string (PDFDocEncoding):
(hyperref)                removing `\<let>-command' on input line 412.


Package hyperref Warning: Token not allowed in a PDF string (PDFDocEncoding):
(hyperref)                removing `\includegraphics' on input line 412.


Package hyperref Warning: Token not allowed in a PDF string (PDFDocEncoding):
(hyperref)                removing `\new@ifnextchar' on input line 412.

[5 <./figures/pseudopot/funcLi-eps-converted-to.pdf> <./figures/pseudopot/funck
Li-eps-converted-to.pdf> <./figures/pseudopot/LicontA-eps-converted-to.pdf> <./
figures/pseudopot/LicontB-eps-converted-to.pdf>]

Package hyperref Warning: Token not allowed in a PDF string (PDFDocEncoding):
(hyperref)                removing `\<let>-command' on input line 456.


Package hyperref Warning: Token not allowed in a PDF string (PDFDocEncoding):
(hyperref)                removing `\includegraphics' on input line 456.


Package hyperref Warning: Token not allowed in a PDF string (PDFDocEncoding):
(hyperref)                removing `\DIFdelincludegraphics' on input line 456.


Package hyperref Warning: Token not allowed in a PDF string (PDFDocEncoding):
(hyperref)                removing `\<let>-command' on input line 456.


Package hyperref Warning: Token not allowed in a PDF string (PDFDocEncoding):
(hyperref)                removing `\includegraphics' on input line 456.


Package hyperref Warning: Token not allowed in a PDF string (PDFDocEncoding):
(hyperref)                removing `\new@ifnextchar' on input line 456.


Package hyperref Warning: Token not allowed in a PDF string (PDFDocEncoding):
(hyperref)                removing `\<let>-command' on input line 456.


Package hyperref Warning: Token not allowed in a PDF string (PDFDocEncoding):
(hyperref)                removing `\includegraphics' on input line 456.


Package hyperref Warning: Token not allowed in a PDF string (PDFDocEncoding):
(hyperref)                removing `\DIFaddincludegraphics' on input line 456.


Package hyperref Warning: Token not allowed in a PDF string (PDFDocEncoding):
(hyperref)                removing `\<let>-command' on input line 456.


Package hyperref Warning: Token not allowed in a PDF string (PDFDocEncoding):
(hyperref)                removing `\includegraphics' on input line 456.


Package hyperref Warning: Token not allowed in a PDF string (PDFDocEncoding):
(hyperref)                removing `\new@ifnextchar' on input line 456.


Package hyperref Warning: Token not allowed in a PDF string (PDFDocEncoding):
(hyperref)                removing `\<let>-command' on input line 456.


Package hyperref Warning: Token not allowed in a PDF string (PDFDocEncoding):
(hyperref)                removing `\includegraphics' on input line 456.


Package hyperref Warning: Token not allowed in a PDF string (PDFDocEncoding):
(hyperref)                removing `\DIFdelincludegraphics' on input line 456.


Package hyperref Warning: Token not allowed in a PDF string (PDFDocEncoding):
(hyperref)                removing `\<let>-command' on input line 456.


Package hyperref Warning: Token not allowed in a PDF string (PDFDocEncoding):
(hyperref)                removing `\includegraphics' on input line 456.


Package hyperref Warning: Token not allowed in a PDF string (PDFDocEncoding):
(hyperref)                removing `\new@ifnextchar' on input line 456.


Package hyperref Warning: Token not allowed in a PDF string (PDFDocEncoding):
(hyperref)                removing `\<let>-command' on input line 456.


Package hyperref Warning: Token not allowed in a PDF string (PDFDocEncoding):
(hyperref)                removing `\includegraphics' on input line 456.


Package hyperref Warning: Token not allowed in a PDF string (PDFDocEncoding):
(hyperref)                removing `\DIFaddincludegraphics' on input line 456.


Package hyperref Warning: Token not allowed in a PDF string (PDFDocEncoding):
(hyperref)                removing `\<let>-command' on input line 456.


Package hyperref Warning: Token not allowed in a PDF string (PDFDocEncoding):
(hyperref)                removing `\includegraphics' on input line 456.


Package hyperref Warning: Token not allowed in a PDF string (PDFDocEncoding):
(hyperref)                removing `\new@ifnextchar' on input line 456.

[6]
Package epstopdf Info: Source file: <figures/pseudopot/Hex.eps>
(epstopdf)                    date: 2019-04-13 09:26:31
(epstopdf)                    size: 16255 bytes
(epstopdf)             Output file: <figures/pseudopot/Hex-eps-converted-to.pdf
>
(epstopdf)                    date: 2019-04-13 09:26:31
(epstopdf)                    size: 9954 bytes
(epstopdf)             Command: <repstopdf --outfile=figures/pseudopot/Hex-eps-
converted-to.pdf figures/pseudopot/Hex.eps>
(epstopdf)             \includegraphics on input line 561.
Package epstopdf Info: Output file is already uptodate.


pdfTeX warning: pdflatex (file ./figures/pseudopot/Hex-eps-converted-to.pdf): P
DF inclusion: found PDF version <1.7>, but at most version <1.5> allowed
<figures/pseudopot/Hex-eps-converted-to.pdf, id=292, 565.11125pt x 429.605pt>
File: figures/pseudopot/Hex-eps-converted-to.pdf Graphic file (type pdf)
<use figures/pseudopot/Hex-eps-converted-to.pdf>
Package pdftex.def Info: figures/pseudopot/Hex-eps-converted-to.pdf  used on in
put line 561.
(pdftex.def)             Requested size: 192.41121pt x 146.27155pt.
Package epstopdf Info: Source file: <figures/pseudopot/Liex.eps>
(epstopdf)                    date: 2019-04-13 09:26:31
(epstopdf)                    size: 16878 bytes
(epstopdf)             Output file: <figures/pseudopot/Liex-eps-converted-to.pd
f>
(epstopdf)                    date: 2019-04-13 09:26:31
(epstopdf)                    size: 10501 bytes
(epstopdf)             Command: <repstopdf --outfile=figures/pseudopot/Liex-eps
-converted-to.pdf figures/pseudopot/Liex.eps>
(epstopdf)             \includegraphics on input line 563.
Package epstopdf Info: Output file is already uptodate.


pdfTeX warning: pdflatex (file ./figures/pseudopot/Liex-eps-converted-to.pdf): 
PDF inclusion: found PDF version <1.7>, but at most version <1.5> allowed
<figures/pseudopot/Liex-eps-converted-to.pdf, id=293, 565.11125pt x 429.605pt>
File: figures/pseudopot/Liex-eps-converted-to.pdf Graphic file (type pdf)
<use figures/pseudopot/Liex-eps-converted-to.pdf>
Package pdftex.def Info: figures/pseudopot/Liex-eps-converted-to.pdf  used on i
nput line 563.
(pdftex.def)             Requested size: 192.41121pt x 146.27155pt.
[7 <./figures/pseudopot/Hex-eps-converted-to.pdf> <./figures/pseudopot/Liex-eps
-converted-to.pdf>]
Package epstopdf Info: Source file: <figures/pseudopot/ionizationH.eps>
(epstopdf)                    date: 2019-04-13 09:26:31
(epstopdf)                    size: 19458 bytes
(epstopdf)             Output file: <figures/pseudopot/ionizationH-eps-converte
d-to.pdf>
(epstopdf)                    date: 2019-04-13 09:26:31
(epstopdf)                    size: 11602 bytes
(epstopdf)             Command: <repstopdf --outfile=figures/pseudopot/ionizati
onH-eps-converted-to.pdf figures/pseudopot/ionizationH.eps>
(epstopdf)             \includegraphics on input line 606.
Package epstopdf Info: Output file is already uptodate.


pdfTeX warning: pdflatex (file ./figures/pseudopot/ionizationH-eps-converted-to
.pdf): PDF inclusion: found PDF version <1.7>, but at most version <1.5> allowe
d
<figures/pseudopot/ionizationH-eps-converted-to.pdf, id=329, 575.14874pt x 429.
605pt>
File: figures/pseudopot/ionizationH-eps-converted-to.pdf Graphic file (type pdf
)
<use figures/pseudopot/ionizationH-eps-converted-to.pdf>
Package pdftex.def Info: figures/pseudopot/ionizationH-eps-converted-to.pdf  us
ed on input line 606.
(pdftex.def)             Requested size: 191.5812pt x 143.09828pt.
Package epstopdf Info: Source file: <figures/pseudopot/ionizationLi.eps>
(epstopdf)                    date: 2019-04-13 09:26:31
(epstopdf)                    size: 20163 bytes
(epstopdf)             Output file: <figures/pseudopot/ionizationLi-eps-convert
ed-to.pdf>
(epstopdf)                    date: 2019-04-13 09:26:31
(epstopdf)                    size: 12108 bytes
(epstopdf)             Command: <repstopdf --outfile=figures/pseudopot/ionizati
onLi-eps-converted-to.pdf figures/pseudopot/ionizationLi.eps>
(epstopdf)             \includegraphics on input line 608.
Package epstopdf Info: Output file is already uptodate.


pdfTeX warning: pdflatex (file ./figures/pseudopot/ionizationLi-eps-converted-t
o.pdf): PDF inclusion: found PDF version <1.7>, but at most version <1.5> allow
ed
<figures/pseudopot/ionizationLi-eps-converted-to.pdf, id=330, 569.12625pt x 430
.60875pt>
File: figures/pseudopot/ionizationLi-eps-converted-to.pdf Graphic file (type pd
f)
<use figures/pseudopot/ionizationLi-eps-converted-to.pdf>
Package pdftex.def Info: figures/pseudopot/ionizationLi-eps-converted-to.pdf  u
sed on input line 608.
(pdftex.def)             Requested size: 189.13223pt x 143.09828pt.
Package epstopdf Info: Source file: <figures/pseudopot/captureH.eps>
(epstopdf)                    date: 2019-04-13 09:26:31
(epstopdf)                    size: 16431 bytes
(epstopdf)             Output file: <figures/pseudopot/captureH-eps-converted-t
o.pdf>
(epstopdf)                    date: 2019-04-13 09:26:31
(epstopdf)                    size: 8676 bytes
(epstopdf)             Command: <repstopdf --outfile=figures/pseudopot/captureH
-eps-converted-to.pdf figures/pseudopot/captureH.eps>
(epstopdf)             \includegraphics on input line 661.
Package epstopdf Info: Output file is already uptodate.


pdfTeX warning: pdflatex (file ./figures/pseudopot/captureH-eps-converted-to.pd
f): PDF inclusion: found PDF version <1.7>, but at most version <1.5> allowed
<figures/pseudopot/captureH-eps-converted-to.pdf, id=334, 564.1075pt x 429.605p
t>
File: figures/pseudopot/captureH-eps-converted-to.pdf Graphic file (type pdf)
<use figures/pseudopot/captureH-eps-converted-to.pdf>
Package pdftex.def Info: figures/pseudopot/captureH-eps-converted-to.pdf  used 
on input line 661.
(pdftex.def)             Requested size: 192.06944pt x 146.27155pt.
Package epstopdf Info: Source file: <figures/pseudopot/captureLi.eps>
(epstopdf)                    date: 2019-04-13 09:26:31
(epstopdf)                    size: 18789 bytes
(epstopdf)             Output file: <figures/pseudopot/captureLi-eps-converted-
to.pdf>
(epstopdf)                    date: 2019-04-13 09:26:31
(epstopdf)                    size: 9860 bytes
(epstopdf)             Command: <repstopdf --outfile=figures/pseudopot/captureL
i-eps-converted-to.pdf figures/pseudopot/captureLi.eps>
(epstopdf)             \includegraphics on input line 663.
Package epstopdf Info: Output file is already uptodate.


pdfTeX warning: pdflatex (file ./figures/pseudopot/captureLi-eps-converted-to.p
df): PDF inclusion: found PDF version <1.7>, but at most version <1.5> allowed
<figures/pseudopot/captureLi-eps-converted-to.pdf, id=335, 565.11125pt x 429.60
5pt>
File: figures/pseudopot/captureLi-eps-converted-to.pdf Graphic file (type pdf)
<use figures/pseudopot/captureLi-eps-converted-to.pdf>
Package pdftex.def Info: figures/pseudopot/captureLi-eps-converted-to.pdf  used
 on input line 663.
(pdftex.def)             Requested size: 192.41121pt x 146.27155pt.
[8 <./figures/pseudopot/ionizationH-eps-converted-to.pdf> <./figures/pseudopot/
ionizationLi-eps-converted-to.pdf>]
Package epstopdf Info: Source file: <figures/pseudopot/photoionH.eps>
(epstopdf)                    date: 2019-04-13 09:26:31
(epstopdf)                    size: 16881 bytes
(epstopdf)             Output file: <figures/pseudopot/photoionH-eps-converted-
to.pdf>
(epstopdf)                    date: 2019-04-13 09:26:31
(epstopdf)                    size: 9097 bytes
(epstopdf)             Command: <repstopdf --outfile=figures/pseudopot/photoion
H-eps-converted-to.pdf figures/pseudopot/photoionH.eps>
(epstopdf)             \includegraphics on input line 721.
Package epstopdf Info: Output file is already uptodate.


pdfTeX warning: pdflatex (file ./figures/pseudopot/photoionH-eps-converted-to.p
df): PDF inclusion: found PDF version <1.7>, but at most version <1.5> allowed
<figures/pseudopot/photoionH-eps-converted-to.pdf, id=373, 571.13374pt x 429.60
5pt>
File: figures/pseudopot/photoionH-eps-converted-to.pdf Graphic file (type pdf)
<use figures/pseudopot/photoionH-eps-converted-to.pdf>
Package pdftex.def Info: figures/pseudopot/photoionH-eps-converted-to.pdf  used
 on input line 721.
(pdftex.def)             Requested size: 194.46178pt x 146.27155pt.
Package epstopdf Info: Source file: <figures/pseudopot/photoionLi.eps>
(epstopdf)                    date: 2019-04-13 09:26:31
(epstopdf)                    size: 17820 bytes
(epstopdf)             Output file: <figures/pseudopot/photoionLi-eps-converted
-to.pdf>
(epstopdf)                    date: 2019-04-13 09:26:31
(epstopdf)                    size: 9546 bytes
(epstopdf)             Command: <repstopdf --outfile=figures/pseudopot/photoion
Li-eps-converted-to.pdf figures/pseudopot/photoionLi.eps>
(epstopdf)             \includegraphics on input line 723.
Package epstopdf Info: Output file is already uptodate.


pdfTeX warning: pdflatex (file ./figures/pseudopot/photoionLi-eps-converted-to.
pdf): PDF inclusion: found PDF version <1.7>, but at most version <1.5> allowed

<figures/pseudopot/photoionLi-eps-converted-to.pdf, id=374, 571.13374pt x 429.6
05pt>
File: figures/pseudopot/photoionLi-eps-converted-to.pdf Graphic file (type pdf)

<use figures/pseudopot/photoionLi-eps-converted-to.pdf>
Package pdftex.def Info: figures/pseudopot/photoionLi-eps-converted-to.pdf  use
d on input line 723.
(pdftex.def)             Requested size: 194.46178pt x 146.27155pt.
[9 <./figures/pseudopot/captureH-eps-converted-to.pdf> <./figures/pseudopot/cap
tureLi-eps-converted-to.pdf>]
Overfull \hbox (20.98596pt too wide) in paragraph at lines 730--730
[]\OT1/cmr/bx/n/12 DIM []|   []   [][]|   []   []of []|   []   |   [][][]|   []

 []


Package hyperref Warning: Token not allowed in a PDF string (PDFDocEncoding):
(hyperref)                removing `\<let>-command' on input line 730.


Package hyperref Warning: Token not allowed in a PDF string (PDFDocEncoding):
(hyperref)                removing `\includegraphics' on input line 730.


Package hyperref Warning: Token not allowed in a PDF string (PDFDocEncoding):
(hyperref)                removing `\DIFdelincludegraphics' on input line 730.


Package hyperref Warning: Token not allowed in a PDF string (PDFDocEncoding):
(hyperref)                removing `\<let>-command' on input line 730.


Package hyperref Warning: Token not allowed in a PDF string (PDFDocEncoding):
(hyperref)                removing `\includegraphics' on input line 730.


Package hyperref Warning: Token not allowed in a PDF string (PDFDocEncoding):
(hyperref)                removing `\new@ifnextchar' on input line 730.


Package hyperref Warning: Token not allowed in a PDF string (PDFDocEncoding):
(hyperref)                removing `\<let>-command' on input line 730.


Package hyperref Warning: Token not allowed in a PDF string (PDFDocEncoding):
(hyperref)                removing `\includegraphics' on input line 730.


Package hyperref Warning: Token not allowed in a PDF string (PDFDocEncoding):
(hyperref)                removing `\DIFaddincludegraphics' on input line 730.


Package hyperref Warning: Token not allowed in a PDF string (PDFDocEncoding):
(hyperref)                removing `\<let>-command' on input line 730.


Package hyperref Warning: Token not allowed in a PDF string (PDFDocEncoding):
(hyperref)                removing `\includegraphics' on input line 730.


Package hyperref Warning: Token not allowed in a PDF string (PDFDocEncoding):
(hyperref)                removing `\new@ifnextchar' on input line 730.


Package hyperref Warning: Token not allowed in a PDF string (PDFDocEncoding):
(hyperref)                removing `\<let>-command' on input line 730.


Package hyperref Warning: Token not allowed in a PDF string (PDFDocEncoding):
(hyperref)                removing `\includegraphics' on input line 730.


Package hyperref Warning: Token not allowed in a PDF string (PDFDocEncoding):
(hyperref)                removing `\DIFdelincludegraphics' on input line 730.


Package hyperref Warning: Token not allowed in a PDF string (PDFDocEncoding):
(hyperref)                removing `\<let>-command' on input line 730.


Package hyperref Warning: Token not allowed in a PDF string (PDFDocEncoding):
(hyperref)                removing `\includegraphics' on input line 730.


Package hyperref Warning: Token not allowed in a PDF string (PDFDocEncoding):
(hyperref)                removing `\new@ifnextchar' on input line 730.


Package hyperref Warning: Token not allowed in a PDF string (PDFDocEncoding):
(hyperref)                removing `\<let>-command' on input line 730.


Package hyperref Warning: Token not allowed in a PDF string (PDFDocEncoding):
(hyperref)                removing `\includegraphics' on input line 730.


Package hyperref Warning: Token not allowed in a PDF string (PDFDocEncoding):
(hyperref)                removing `\DIFaddincludegraphics' on input line 730.


Package hyperref Warning: Token not allowed in a PDF string (PDFDocEncoding):
(hyperref)                removing `\<let>-command' on input line 730.


Package hyperref Warning: Token not allowed in a PDF string (PDFDocEncoding):
(hyperref)                removing `\includegraphics' on input line 730.


Package hyperref Warning: Token not allowed in a PDF string (PDFDocEncoding):
(hyperref)                removing `\new@ifnextchar' on input line 730.

Package epstopdf Info: Source file: <figures/dimpot/photoN.eps>
(epstopdf)                    date: 2019-04-13 09:26:31
(epstopdf)                    size: 20151 bytes
(epstopdf)             Output file: <figures/dimpot/photoN-eps-converted-to.pdf
>
(epstopdf)                    date: 2019-04-13 09:26:31
(epstopdf)                    size: 12280 bytes
(epstopdf)             Command: <repstopdf --outfile=figures/dimpot/photoN-eps-
converted-to.pdf figures/dimpot/photoN.eps>
(epstopdf)             \includegraphics on input line 752.
Package epstopdf Info: Output file is already uptodate.


pdfTeX warning: pdflatex (file ./figures/dimpot/photoN-eps-converted-to.pdf): P
DF inclusion: found PDF version <1.7>, but at most version <1.5> allowed
<figures/dimpot/photoN-eps-converted-to.pdf, id=402, 568.1225pt x 429.605pt>
File: figures/dimpot/photoN-eps-converted-to.pdf Graphic file (type pdf)
<use figures/dimpot/photoN-eps-converted-to.pdf>
Package pdftex.def Info: figures/dimpot/photoN-eps-converted-to.pdf  used on in
put line 752.
(pdftex.def)             Requested size: 193.4365pt x 146.27155pt.
Package epstopdf Info: Source file: <figures/dimpot/photoNe.eps>
(epstopdf)                    date: 2019-04-13 09:26:31
(epstopdf)                    size: 31801 bytes
(epstopdf)             Output file: <figures/dimpot/photoNe-eps-converted-to.pd
f>
(epstopdf)                    date: 2019-04-13 09:26:31
(epstopdf)                    size: 22417 bytes
(epstopdf)             Command: <repstopdf --outfile=figures/dimpot/photoNe-eps
-converted-to.pdf figures/dimpot/photoNe.eps>
(epstopdf)             \includegraphics on input line 754.
Package epstopdf Info: Output file is already uptodate.


pdfTeX warning: pdflatex (file ./figures/dimpot/photoNe-eps-converted-to.pdf): 
PDF inclusion: found PDF version <1.7>, but at most version <1.5> allowed
<figures/dimpot/photoNe-eps-converted-to.pdf, id=403, 575.14874pt x 429.605pt>
File: figures/dimpot/photoNe-eps-converted-to.pdf Graphic file (type pdf)
<use figures/dimpot/photoNe-eps-converted-to.pdf>
Package pdftex.def Info: figures/dimpot/photoNe-eps-converted-to.pdf  used on i
nput line 754.
(pdftex.def)             Requested size: 195.82881pt x 146.27155pt.
[10 <./figures/pseudopot/photoionH-eps-converted-to.pdf> <./figures/pseudopot/p
hotoionLi-eps-converted-to.pdf> <./figures/dimpot/photoN-eps-converted-to.pdf> 
<./figures/dimpot/photoNe-eps-converted-to.pdf>]
Package epstopdf Info: Source file: <figures/dimpot/1sCGMSS_BS.eps>
(epstopdf)                    date: 2019-04-13 09:26:30
(epstopdf)                    size: 33729 bytes
(epstopdf)             Output file: <figures/dimpot/1sCGMSS_BS-eps-converted-to
.pdf>
(epstopdf)                    date: 2019-04-13 09:26:30
(epstopdf)                    size: 16718 bytes
(epstopdf)             Command: <repstopdf --outfile=figures/dimpot/1sCGMSS_BS-
eps-converted-to.pdf figures/dimpot/1sCGMSS_BS.eps>
(epstopdf)             \includegraphics on input line 845.
Package epstopdf Info: Output file is already uptodate.


pdfTeX warning: pdflatex (file ./figures/dimpot/1sCGMSS_BS-eps-converted-to.pdf
): PDF inclusion: found PDF version <1.7>, but at most version <1.5> allowed
<figures/dimpot/1sCGMSS_BS-eps-converted-to.pdf, id=446, 555.07375pt x 429.605p
t>
File: figures/dimpot/1sCGMSS_BS-eps-converted-to.pdf Graphic file (type pdf)
<use figures/dimpot/1sCGMSS_BS-eps-converted-to.pdf>
Package pdftex.def Info: figures/dimpot/1sCGMSS_BS-eps-converted-to.pdf  used o
n input line 845.
(pdftex.def)             Requested size: 188.99359pt x 146.27155pt.
Package epstopdf Info: Source file: <figures/dimpot/1sC_oscprof.eps>
(epstopdf)                    date: 2019-04-13 09:26:30
(epstopdf)                    size: 29776 bytes
(epstopdf)             Output file: <figures/dimpot/1sC_oscprof-eps-converted-t
o.pdf>
(epstopdf)                    date: 2019-04-13 09:26:30
(epstopdf)                    size: 13912 bytes
(epstopdf)             Command: <repstopdf --outfile=figures/dimpot/1sC_oscprof
-eps-converted-to.pdf figures/dimpot/1sC_oscprof.eps>
(epstopdf)             \includegraphics on input line 847.
Package epstopdf Info: Output file is already uptodate.


pdfTeX warning: pdflatex (file ./figures/dimpot/1sC_oscprof-eps-converted-to.pd
f): PDF inclusion: found PDF version <1.7>, but at most version <1.5> allowed
<figures/dimpot/1sC_oscprof-eps-converted-to.pdf, id=447, 565.11125pt x 429.605
pt>
File: figures/dimpot/1sC_oscprof-eps-converted-to.pdf Graphic file (type pdf)
<use figures/dimpot/1sC_oscprof-eps-converted-to.pdf>
Package pdftex.def Info: figures/dimpot/1sC_oscprof-eps-converted-to.pdf  used 
on input line 847.
(pdftex.def)             Requested size: 192.41121pt x 146.27155pt.
[11]
Package epstopdf Info: Source file: <figures/dimpot/zeff_1sCH4.eps>
(epstopdf)                    date: 2019-04-13 09:26:31
(epstopdf)                    size: 27819 bytes
(epstopdf)             Output file: <figures/dimpot/zeff_1sCH4-eps-converted-to
.pdf>
(epstopdf)                    date: 2019-04-13 09:26:31
(epstopdf)                    size: 13484 bytes
(epstopdf)             Command: <repstopdf --outfile=figures/dimpot/zeff_1sCH4-
eps-converted-to.pdf figures/dimpot/zeff_1sCH4.eps>
(epstopdf)             \includegraphics on input line 935.
Package epstopdf Info: Output file is already uptodate.


pdfTeX warning: pdflatex (file ./figures/dimpot/zeff_1sCH4-eps-converted-to.pdf
): PDF inclusion: found PDF version <1.7>, but at most version <1.5> allowed
<figures/dimpot/zeff_1sCH4-eps-converted-to.pdf, id=474, 556.0775pt x 429.605pt
>
File: figures/dimpot/zeff_1sCH4-eps-converted-to.pdf Graphic file (type pdf)
<use figures/dimpot/zeff_1sCH4-eps-converted-to.pdf>
Package pdftex.def Info: figures/dimpot/zeff_1sCH4-eps-converted-to.pdf  used o
n input line 935.
(pdftex.def)             Requested size: 189.33537pt x 146.27155pt.
Package epstopdf Info: Source file: <figures/dimpot/zeff_2sCH4.eps>
(epstopdf)                    date: 2019-04-13 09:26:31
(epstopdf)                    size: 30207 bytes
(epstopdf)             Output file: <figures/dimpot/zeff_2sCH4-eps-converted-to
.pdf>
(epstopdf)                    date: 2019-04-13 09:26:31
(epstopdf)                    size: 13810 bytes
(epstopdf)             Command: <repstopdf --outfile=figures/dimpot/zeff_2sCH4-
eps-converted-to.pdf figures/dimpot/zeff_2sCH4.eps>
(epstopdf)             \includegraphics on input line 937.
Package epstopdf Info: Output file is already uptodate.


pdfTeX warning: pdflatex (file ./figures/dimpot/zeff_2sCH4-eps-converted-to.pdf
): PDF inclusion: found PDF version <1.7>, but at most version <1.5> allowed
<figures/dimpot/zeff_2sCH4-eps-converted-to.pdf, id=475, 556.0775pt x 429.605pt
>
File: figures/dimpot/zeff_2sCH4-eps-converted-to.pdf Graphic file (type pdf)
<use figures/dimpot/zeff_2sCH4-eps-converted-to.pdf>
Package pdftex.def Info: figures/dimpot/zeff_2sCH4-eps-converted-to.pdf  used o
n input line 937.
(pdftex.def)             Requested size: 189.33537pt x 146.27155pt.
Package epstopdf Info: Source file: <figures/dimpot/zeff_2pCH4.eps>
(epstopdf)                    date: 2019-04-13 09:26:31
(epstopdf)                    size: 36796 bytes
(epstopdf)             Output file: <figures/dimpot/zeff_2pCH4-eps-converted-to
.pdf>
(epstopdf)                    date: 2019-04-13 09:26:31
(epstopdf)                    size: 17762 bytes
(epstopdf)             Command: <repstopdf --outfile=figures/dimpot/zeff_2pCH4-
eps-converted-to.pdf figures/dimpot/zeff_2pCH4.eps>
(epstopdf)             \includegraphics on input line 940.
Package epstopdf Info: Output file is already uptodate.


pdfTeX warning: pdflatex (file ./figures/dimpot/zeff_2pCH4-eps-converted-to.pdf
): PDF inclusion: found PDF version <1.7>, but at most version <1.5> allowed
<figures/dimpot/zeff_2pCH4-eps-converted-to.pdf, id=476, 556.0775pt x 428.60126
pt>
File: figures/dimpot/zeff_2pCH4-eps-converted-to.pdf Graphic file (type pdf)
<use figures/dimpot/zeff_2pCH4-eps-converted-to.pdf>
Package pdftex.def Info: figures/dimpot/zeff_2pCH4-eps-converted-to.pdf  used o
n input line 940.
(pdftex.def)             Requested size: 189.77658pt x 146.27155pt.
[12 <./figures/dimpot/1sCGMSS_BS-eps-converted-to.pdf> <./figures/dimpot/1sC_os
cprof-eps-converted-to.pdf>]

Package hyperref Warning: Token not allowed in a PDF string (PDFDocEncoding):
(hyperref)                removing `\<let>-command' on input line 971.


Package hyperref Warning: Token not allowed in a PDF string (PDFDocEncoding):
(hyperref)                removing `\includegraphics' on input line 971.


Package hyperref Warning: Token not allowed in a PDF string (PDFDocEncoding):
(hyperref)                removing `\DIFdelincludegraphics' on input line 971.


Package hyperref Warning: Token not allowed in a PDF string (PDFDocEncoding):
(hyperref)                removing `\<let>-command' on input line 971.


Package hyperref Warning: Token not allowed in a PDF string (PDFDocEncoding):
(hyperref)                removing `\includegraphics' on input line 971.


Package hyperref Warning: Token not allowed in a PDF string (PDFDocEncoding):
(hyperref)                removing `\new@ifnextchar' on input line 971.


Package hyperref Warning: Token not allowed in a PDF string (PDFDocEncoding):
(hyperref)                removing `\<let>-command' on input line 971.


Package hyperref Warning: Token not allowed in a PDF string (PDFDocEncoding):
(hyperref)                removing `\includegraphics' on input line 971.


Package hyperref Warning: Token not allowed in a PDF string (PDFDocEncoding):
(hyperref)                removing `\DIFaddincludegraphics' on input line 971.


Package hyperref Warning: Token not allowed in a PDF string (PDFDocEncoding):
(hyperref)                removing `\<let>-command' on input line 971.


Package hyperref Warning: Token not allowed in a PDF string (PDFDocEncoding):
(hyperref)                removing `\includegraphics' on input line 971.


Package hyperref Warning: Token not allowed in a PDF string (PDFDocEncoding):
(hyperref)                removing `\new@ifnextchar' on input line 971.

[13 <./figures/dimpot/zeff_1sCH4-eps-converted-to.pdf> <./figures/dimpot/zeff_2
sCH4-eps-converted-to.pdf> <./figures/dimpot/zeff_2pCH4-eps-converted-to.pdf>]
Package epstopdf Info: Source file: <figures/dimpot/born_ionch4.eps>
(epstopdf)                    date: 2019-04-13 09:26:30
(epstopdf)                    size: 13655 bytes
(epstopdf)             Output file: <figures/dimpot/born_ionch4-eps-converted-t
o.pdf>
(epstopdf)                    date: 2019-04-13 09:26:30
(epstopdf)                    size: 8677 bytes
(epstopdf)             Command: <repstopdf --outfile=figures/dimpot/born_ionch4
-eps-converted-to.pdf figures/dimpot/born_ionch4.eps>
(epstopdf)             \includegraphics on input line 999.
Package epstopdf Info: Output file is already uptodate.


pdfTeX warning: pdflatex (file ./figures/dimpot/born_ionch4-eps-converted-to.pd
f): PDF inclusion: found PDF version <1.7>, but at most version <1.5> allowed
<figures/dimpot/born_ionch4-eps-converted-to.pdf, id=539, 565.11125pt x 429.605
pt>
File: figures/dimpot/born_ionch4-eps-converted-to.pdf Graphic file (type pdf)
<use figures/dimpot/born_ionch4-eps-converted-to.pdf>
Package pdftex.def Info: figures/dimpot/born_ionch4-eps-converted-to.pdf  used 
on input line 999.
(pdftex.def)             Requested size: 192.41121pt x 146.27155pt.
Package epstopdf Info: Source file: <figures/dimpot/photoch4.eps>
(epstopdf)                    date: 2019-04-13 09:26:31
(epstopdf)                    size: 25140 bytes
(epstopdf)             Output file: <figures/dimpot/photoch4-eps-converted-to.p
df>
(epstopdf)                    date: 2019-04-13 09:26:31
(epstopdf)                    size: 12949 bytes
(epstopdf)             Command: <repstopdf --outfile=figures/dimpot/photoch4-ep
s-converted-to.pdf figures/dimpot/photoch4.eps>
(epstopdf)             \includegraphics on input line 1030.
Package epstopdf Info: Output file is already uptodate.


pdfTeX warning: pdflatex (file ./figures/dimpot/photoch4-eps-converted-to.pdf):
 PDF inclusion: found PDF version <1.7>, but at most version <1.5> allowed
<figures/dimpot/photoch4-eps-converted-to.pdf, id=548, 568.1225pt x 429.605pt>
File: figures/dimpot/photoch4-eps-converted-to.pdf Graphic file (type pdf)
<use figures/dimpot/photoch4-eps-converted-to.pdf>
Package pdftex.def Info: figures/dimpot/photoch4-eps-converted-to.pdf  used on 
input line 1030.
(pdftex.def)             Requested size: 193.4365pt x 146.27155pt.
[14 <./figures/dimpot/born_ionch4-eps-converted-to.pdf> <./figures/dimpot/photo
ch4-eps-converted-to.pdf>]
Underfull \hbox (badness 1460) in paragraph at lines 1145--1147
[]|   []   |   []   |   []   |   []   |   []   |   []   |   []   |   []   |   [
]   |   []   |   []   |   []
 []

[15] [16]
Missing character: There is no  in font cmr10!
Missing character: There is no  in font cmr10!
Missing character: There is no  in font cmr10!
Missing character: There is no  in font cmr10!
Package atveryend Info: Empty hook `BeforeClearDocument' on input line 1371.
 [17]
Package atveryend Info: Empty hook `AfterLastShipout' on input line 1371.
 (./diff1.aux)
Package atveryend Info: Executing hook `AtVeryEndDocument' on input line 1371.
Package atveryend Info: Executing hook `AtEndAfterFileList' on input line 1371.

Package rerunfilecheck Info: File `diff1.out' has not changed.
(rerunfilecheck)             Checksum: 3124AF7CCCC8331C81F99616ED826408;1189.
Package atveryend Info: Empty hook `AtVeryVeryEnd' on input line 1371.
 ) 
Here is how much of TeX's memory you used:
 7434 strings out of 494923
 108435 string characters out of 6180743
 256427 words of memory out of 5000000
 10504 multiletter control sequences out of 15000+600000
 15480 words of font info for 59 fonts, out of 8000000 for 9000
 18 hyphenation exceptions out of 8191
 28i,11n,35p,656b,442s stack positions out of 5000i,500n,10000p,200000b,80000s
</usr/share/texlive/texmf-dist/fonts/type1/public/amsfonts/cm/cmbsy10.pfb></u
sr/share/texlive/texmf-dist/fonts/type1/public/amsfonts/cm/cmbx10.pfb></usr/sha
re/texlive/texmf-dist/fonts/type1/public/amsfonts/cm/cmbx12.pfb></usr/share/tex
live/texmf-dist/fonts/type1/public/amsfonts/cm/cmbx7.pfb></usr/share/texlive/te
xmf-dist/fonts/type1/public/amsfonts/cm/cmbx9.pfb></usr/share/texlive/texmf-dis
t/fonts/type1/public/amsfonts/cm/cmcsc10.pfb></usr/share/texlive/texmf-dist/fon
ts/type1/public/amsfonts/cm/cmex10.pfb></usr/share/texlive/texmf-dist/fonts/typ
e1/public/amsfonts/cm/cmmi10.pfb></usr/share/texlive/texmf-dist/fonts/type1/pub
lic/amsfonts/cm/cmmi5.pfb></usr/share/texlive/texmf-dist/fonts/type1/public/ams
fonts/cm/cmmi7.pfb></usr/share/texlive/texmf-dist/fonts/type1/public/amsfonts/c
m/cmmib10.pfb></usr/share/texlive/texmf-dist/fonts/type1/public/amsfonts/cm/cmr
10.pfb></usr/share/texlive/texmf-dist/fonts/type1/public/amsfonts/cm/cmr12.pfb>
</usr/share/texlive/texmf-dist/fonts/type1/public/amsfonts/cm/cmr17.pfb></usr/s
hare/texlive/texmf-dist/fonts/type1/public/amsfonts/cm/cmr5.pfb></usr/share/tex
live/texmf-dist/fonts/type1/public/amsfonts/cm/cmr7.pfb></usr/share/texlive/tex
mf-dist/fonts/type1/public/amsfonts/cm/cmr9.pfb></usr/share/texlive/texmf-dist/
fonts/type1/public/amsfonts/cm/cmsy10.pfb></usr/share/texlive/texmf-dist/fonts/
type1/public/amsfonts/cm/cmsy7.pfb></usr/share/texlive/texmf-dist/fonts/type1/p
ublic/amsfonts/cm/cmti10.pfb></usr/share/texlive/texmf-dist/fonts/type1/public/
amsfonts/cm/cmtt10.pfb></usr/share/texlive/texmf-dist/fonts/type1/public/amsfon
ts/latxfont/lasy6.pfb></usr/share/texlive/texmf-dist/fonts/type1/public/amsfont
s/symbols/msbm10.pfb>
Output written on diff1.pdf (17 pages, 604683 bytes).
PDF statistics:
 695 PDF objects out of 1000 (max. 8388607)
 571 compressed objects within 6 object streams
 121 named destinations out of 1000 (max. 500000)
 262 words of extra memory for PDF output out of 10000 (max. 10000000)

